#
# A fatal error has been detected by the Java Runtime Environment:
#
#  EXCEPTION_ACCESS_VIOLATION (0xc0000005) at pc=0x027d9608, pid=7328, tid=7896
#
# JRE version: 7.0_25-b17
# Java VM: Java HotSpot(TM) Client VM (23.25-b01 mixed mode, sharing windows-x86 )
# Problematic frame:
# J  org.apache.xmlbeans.impl.store.Cur.moveNodeContents(Lorg/apache/xmlbeans/impl/store/Xobj;Lorg/apache/xmlbeans/impl/store/Cur;Z)V
#
# Failed to write core dump. Minidumps are not enabled by default on client versions of Windows
#
# If you would like to submit a bug report, please visit:
#   http://bugreport.sun.com/bugreport/crash.jsp
#

---------------  T H R E A D  ---------------

Current thread (0x0021b000):  JavaThread "main" [_thread_in_Java, id=7896, stack(0x002e0000,0x00330000)]

siginfo: ExceptionCode=0xc0000005, reading address 0x000024e4

Registers:
EAX=0x00000002, EBX=0x00000001, ECX=0x24947a50, EDX=0x00000000
ESP=0x0032e360, EBP=0x0032e5a4, ESI=0x00002494, EDI=0x00000000
EIP=0x027d9608, EFLAGS=0x00010246

Top of Stack: (sp=0x0032e360)
0x0032e360:   00000001 2660e7d8 0032e5a4 02661f74
0x0032e370:   26619f10 2660ea50 2660e568 00000000
0x0032e380:   00000000 2660e748 0032e5a4 027198f4
0x0032e390:   2660e9e0 2660f9d0 0032e5a4 0280e954
0x0032e3a0:   00000003 00000002 24947998 00000000
0x0032e3b0:   2660f9d0 2660eaa8 0032e5a4 02b69504
0x0032e3c0:   00000000 249479f8 24947a50 00000000
0x0032e3d0:   00000000 249479f8 0032e5a4 0271125c 

Instructions: (pc=0x027d9608)
0x027d95e8:   4e 08 81 e1 00 04 00 00 83 f9 00 0f 85 56 00 00
0x027d95f8:   00 8b ce 89 74 24 68 e8 7c 01 f4 ff 8b 74 04 68
0x027d9608:   8b 4e 50 83 f9 00 0f 84 15 00 00 00 8b 59 04 81
0x027d9618:   7b 24 d8 b6 cc 34 0f 85 07 0a 00 00 e9 00 00 00 


Register to memory mapping:

EAX=0x00000002 is an unknown value
EBX=0x00000001 is an unknown value
ECX=0x24947a50 is an oop
org.apache.xmlbeans.impl.store.Xobj$ElementXobj 
 - klass: 'org/apache/xmlbeans/impl/store/Xobj$ElementXobj'
EDX=0x00000000 is an unknown value
ESP=0x0032e360 is pointing into the stack for thread: 0x0021b000
EBP=0x0032e5a4 is pointing into the stack for thread: 0x0021b000
ESI=0x00002494 is an unknown value
EDI=0x00000000 is an unknown value


Stack: [0x002e0000,0x00330000],  sp=0x0032e360,  free space=312k
Native frames: (J=compiled Java code, j=interpreted, Vv=VM code, C=native code)
J  org.apache.xmlbeans.impl.store.Cur.moveNodeContents(Lorg/apache/xmlbeans/impl/store/Xobj;Lorg/apache/xmlbeans/impl/store/Cur;Z)V
J  org.apache.poi.xssf.model.StylesTable.writeTo(Ljava/io/OutputStream;)V
J  org.apache.poi.POIXMLDocumentPart.onSave(Ljava/util/Set;)V
j  com.selenium.commonfiles.util.XLS_Reader.setCellData(Ljava/lang/String;Ljava/lang/String;ILjava/lang/String;)V+317
j  com.selenium.commonfiles.util.TestUtil.WriteDataToXl(Ljava/lang/String;Ljava/lang/String;Ljava/lang/String;Ljava/lang/String;Ljava/lang/String;Ljava/util/Map;)Z+84
j  com.selenium.commonfiles.base.CommonFunction.funcVerifyPolicyStatus_Renewal(Ljava/util/Map;Ljava/lang/String;Ljava/lang/String;Ljava/lang/String;)Z+119
j  com.selenium.commonfiles.base.CommonFunction_XOQ.RenewalFlow(Ljava/lang/String;Ljava/lang/String;)V+115
v  ~StubRoutines::call_stub
V  [jvm.dll+0x124afa]
V  [jvm.dll+0x1d224e]
V  [jvm.dll+0x124b7d]
V  [jvm.dll+0x12f95f]
V  [jvm.dll+0x12fbc5]
V  [jvm.dll+0xd0f49]
C  [java.dll+0x7d7d]  Java_sun_reflect_NativeMethodAccessorImpl_invoke0+0x15
j  sun.reflect.NativeMethodAccessorImpl.invoke(Ljava/lang/Object;[Ljava/lang/Object;)Ljava/lang/Object;+87
J  sun.reflect.DelegatingMethodAccessorImpl.invoke(Ljava/lang/Object;[Ljava/lang/Object;)Ljava/lang/Object;
j  com.selenium.commonfiles.businessEvents.BusinessEvents.HandleBusinessEvent()V+183
v  ~StubRoutines::call_stub
V  [jvm.dll+0x124afa]
V  [jvm.dll+0x1d224e]
V  [jvm.dll+0x124b7d]
V  [jvm.dll+0x12f95f]
V  [jvm.dll+0x12fbc5]
V  [jvm.dll+0xd0f49]
C  [java.dll+0x7d7d]  Java_sun_reflect_NativeMethodAccessorImpl_invoke0+0x15
j  sun.reflect.NativeMethodAccessorImpl.invoke(Ljava/lang/Object;[Ljava/lang/Object;)Ljava/lang/Object;+87
j  sun.reflect.DelegatingMethodAccessorImpl.invoke(Ljava/lang/Object;[Ljava/lang/Object;)Ljava/lang/Object;+6
j  java.lang.reflect.Method.invoke(Ljava/lang/Object;[Ljava/lang/Object;)Ljava/lang/Object;+57
j  org.testng.internal.MethodInvocationHelper.invokeMethod(Ljava/lang/reflect/Method;Ljava/lang/Object;[Ljava/lang/Object;)Ljava/lang/Object;+235
j  org.testng.internal.Invoker.invokeMethod(Ljava/lang/Object;Lorg/testng/ITestNGMethod;[Ljava/lang/Object;ILorg/testng/xml/XmlSuite;Ljava/util/Map;Lorg/testng/ITestClass;[Lorg/testng/ITestNGMethod;[Lorg/testng/ITestNGMethod;Lorg/testng/internal/ConfigurationGroupMethods;Lorg/testng/internal/Invoker$FailureContext;)Lorg/testng/ITestResult;+280
j  org.testng.internal.Invoker.invokeTestMethod(Ljava/lang/Object;Lorg/testng/ITestNGMethod;[Ljava/lang/Object;ILorg/testng/xml/XmlSuite;Ljava/util/Map;Lorg/testng/ITestClass;[Lorg/testng/ITestNGMethod;[Lorg/testng/ITestNGMethod;Lorg/testng/internal/ConfigurationGroupMethods;Lorg/testng/internal/Invoker$FailureContext;)Lorg/testng/ITestResult;+29
j  org.testng.internal.Invoker.invokeTestMethods(Lorg/testng/ITestNGMethod;Lorg/testng/xml/XmlSuite;Ljava/util/Map;Lorg/testng/internal/ConfigurationGroupMethods;Ljava/lang/Object;Lorg/testng/ITestContext;)Ljava/util/List;+676
j  org.testng.internal.TestMethodWorker.invokeTestMethods(Lorg/testng/ITestNGMethod;Ljava/lang/Object;Lorg/testng/ITestContext;)V+19
j  org.testng.internal.TestMethodWorker.run()V+60
j  org.testng.TestRunner.privateRun(Lorg/testng/xml/XmlTest;)V+324
j  org.testng.TestRunner.run()V+26
j  org.testng.SuiteRunner.runTest(Lorg/testng/TestRunner;)V+1
j  org.testng.SuiteRunner.runSequentially()V+31
j  org.testng.SuiteRunner.privateRun()V+285
j  org.testng.SuiteRunner.run()V+6
j  org.testng.SuiteRunnerWorker.runSuite(Lorg/testng/internal/SuiteRunnerMap;Lorg/testng/xml/XmlSuite;)V+89
j  org.testng.SuiteRunnerWorker.run()V+12
j  org.testng.TestNG.runSuitesSequentially(Lorg/testng/xml/XmlSuite;Lorg/testng/internal/SuiteRunnerMap;ILjava/lang/String;)V+66
j  org.testng.TestNG.runSuitesLocally()Ljava/util/List;+143
j  org.testng.TestNG.run()V+77
j  org.testng.remote.RemoteTestNG.run()V+208
j  org.testng.remote.RemoteTestNG.initAndRun([Ljava/lang/String;Lorg/testng/CommandLineArgs;Lorg/testng/remote/RemoteArgs;)V+173
j  org.testng.remote.RemoteTestNG.main([Ljava/lang/String;)V+107
v  ~StubRoutines::call_stub
V  [jvm.dll+0x124afa]
V  [jvm.dll+0x1d224e]
V  [jvm.dll+0x124b7d]
V  [jvm.dll+0xab0cf]
V  [jvm.dll+0xb5397]
C  [javaw.exe+0x206c]
C  [javaw.exe+0xa5b1]
C  [javaw.exe+0xa63b]
C  [kernel32.dll+0x1336a]  BaseThreadInitThunk+0x12
C  [ntdll.dll+0x398f2]  RtlInitializeExceptionChain+0x63
C  [ntdll.dll+0x398c5]  RtlInitializeExceptionChain+0x36


---------------  P R O C E S S  ---------------

Java Threads: ( => current thread )
  0x04f86400 JavaThread "Exec Stream Pumper" daemon [_thread_in_native, id=4256, stack(0x045b0000,0x04600000)]
  0x04f85c00 JavaThread "Exec Stream Pumper" daemon [_thread_in_native, id=7036, stack(0x07330000,0x07380000)]
  0x05bca800 JavaThread "Exec Default Executor" daemon [_thread_in_native, id=7268, stack(0x05900000,0x05950000)]
  0x05a79c00 JavaThread "UrlChecker-4" daemon [_thread_blocked, id=7868, stack(0x07cd0000,0x07d20000)]
  0x062fa800 JavaThread "AWT-Windows" daemon [_thread_in_native, id=6540, stack(0x00fa0000,0x00ff0000)]
  0x062f7c00 JavaThread "Java2D Disposer" daemon [_thread_blocked, id=3416, stack(0x07690000,0x076e0000)]
  0x04d5c000 JavaThread "ReaderThread" [_thread_in_native, id=3528, stack(0x047e0000,0x04830000)]
  0x00631c00 JavaThread "Service Thread" daemon [_thread_blocked, id=7204, stack(0x04a10000,0x04a60000)]
  0x0062d000 JavaThread "C1 CompilerThread0" daemon [_thread_blocked, id=6960, stack(0x04990000,0x049e0000)]
  0x0062bc00 JavaThread "Attach Listener" daemon [_thread_blocked, id=5976, stack(0x04680000,0x046d0000)]
  0x0062ac00 JavaThread "Signal Dispatcher" daemon [_thread_blocked, id=3676, stack(0x01000000,0x01050000)]
  0x00614400 JavaThread "Finalizer" daemon [_thread_blocked, id=8120, stack(0x04830000,0x04880000)]
  0x00612c00 JavaThread "Reference Handler" daemon [_thread_blocked, id=6476, stack(0x04610000,0x04660000)]
=>0x0021b000 JavaThread "main" [_thread_in_Java, id=7896, stack(0x002e0000,0x00330000)]

Other Threads:
  0x00611000 VMThread [stack: 0x01050000,0x010a0000] [id=7028]
  0x0064d800 WatcherThread [stack: 0x04b00000,0x04b50000] [id=6248]

VM state:not at safepoint (normal execution)

VM Mutex/Monitor currently owned by a thread: None

Heap
 def new generation   total 37120K, used 31201K [0x247c0000, 0x27000000, 0x29d10000)
  eden space 33024K,  94% used [0x247c0000, 0x26638448, 0x26800000)
  from space 4096K,   0% used [0x26800000, 0x26800000, 0x26c00000)
  to   space 4096K,   0% used [0x26c00000, 0x26c00000, 0x27000000)
 tenured generation   total 82348K, used 41627K [0x29d10000, 0x2ed7b000, 0x347c0000)
   the space 82348K,  50% used [0x29d10000, 0x2c5b6f10, 0x2c5b7000, 0x2ed7b000)
 compacting perm gen  total 18688K, used 18662K [0x347c0000, 0x35a00000, 0x387c0000)
   the space 18688K,  99% used [0x347c0000, 0x359f9b28, 0x359f9c00, 0x35a00000)
    ro space 10240K,  42% used [0x387c0000, 0x38c04240, 0x38c04400, 0x391c0000)
    rw space 12288K,  54% used [0x391c0000, 0x39844d58, 0x39844e00, 0x39dc0000)

Card table byte_map: [0x00ef0000,0x00fa0000] byte_map_base: 0x00dcc200

Polling page: 0x00200000

Code Cache  [0x025b0000, 0x02d60000, 0x045b0000)
 total_blobs=4161 nmethods=3937 adapters=157 free_code_cache=24919Kb largest_free_block=25515008

Compilation events (10 events):
Event: 402.838 Thread 0x0062d000 3951             java.util.ResourceBundle::getObject (82 bytes)
Event: 402.838 Thread 0x0062d000 nmethod 3951 0x02d588c8 code [0x02d58a50, 0x02d58e08]
Event: 402.839 Thread 0x0062d000 3952             org.dom4j.tree.AbstractNode::setParent (1 bytes)
Event: 402.839 Thread 0x0062d000 nmethod 3952 0x02d59188 code [0x02d59280, 0x02d59300]
Event: 402.988 Thread 0x0062d000 3953   !         sun.reflect.GeneratedConstructorAccessor12::newInstance (53 bytes)
Event: 402.989 Thread 0x0062d000 nmethod 3953 0x02d59348 code [0x02d594a0, 0x02d597dc]
Event: 403.331 Thread 0x0062d000 3954             org.apache.xmlbeans.impl.common.XPath$ExecutionContext$PathContext::backtrack (146 bytes)
Event: 403.331 Thread 0x0062d000 nmethod 3954 0x02d59ac8 code [0x02d59c30, 0x02d59f7c]
Event: 403.331 Thread 0x0062d000 3955             org.apache.xmlbeans.impl.schema.SchemaTypeImpl::isAssignableFrom (107 bytes)
Event: 403.331 Thread 0x0062d000 nmethod 3955 0x02d5a448 code [0x02d5a5b0, 0x02d5a8b0]

GC Heap History (10 events):
Event: 402.534 GC heap before
{Heap before GC invocations=651 (full 18):
 def new generation   total 37120K, used 37120K [0x247c0000, 0x27000000, 0x29d10000)
  eden space 33024K, 100% used [0x247c0000, 0x26800000, 0x26800000)
  from space 4096K, 100% used [0x26c00000, 0x27000000, 0x27000000)
  to   space 4096K,   0% used [0x26800000, 0x26800000, 0x26c00000)
 tenured generation   total 82348K, used 59332K [0x29d10000, 0x2ed7b000, 0x347c0000)
   the space 82348K,  72% used [0x29d10000, 0x2d701250, 0x2d701400, 0x2ed7b000)
 compacting perm gen  total 18688K, used 18662K [0x347c0000, 0x35a00000, 0x387c0000)
   the space 18688K,  99% used [0x347c0000, 0x359f9b28, 0x359f9c00, 0x35a00000)
    ro space 10240K,  42% used [0x387c0000, 0x38c04240, 0x38c04400, 0x391c0000)
    rw space 12288K,  54% used [0x391c0000, 0x39844d58, 0x39844e00, 0x39dc0000)
Event: 402.553 GC heap after
Heap after GC invocations=652 (full 18):
 def new generation   total 37120K, used 4096K [0x247c0000, 0x27000000, 0x29d10000)
  eden space 33024K,   0% used [0x247c0000, 0x247c0000, 0x26800000)
  from space 4096K, 100% used [0x26800000, 0x26c00000, 0x26c00000)
  to   space 4096K,   0% used [0x26c00000, 0x26c00000, 0x27000000)
 tenured generation   total 82348K, used 66782K [0x29d10000, 0x2ed7b000, 0x347c0000)
   the space 82348K,  81% used [0x29d10000, 0x2de479e8, 0x2de47a00, 0x2ed7b000)
 compacting perm gen  total 18688K, used 18662K [0x347c0000, 0x35a00000, 0x387c0000)
   the space 18688K,  99% used [0x347c0000, 0x359f9b28, 0x359f9c00, 0x35a00000)
    ro space 10240K,  42% used [0x387c0000, 0x38c04240, 0x38c04400, 0x391c0000)
    rw space 12288K,  54% used [0x391c0000, 0x39844d58, 0x39844e00, 0x39dc0000)
}
Event: 402.762 GC heap before
{Heap before GC invocations=652 (full 18):
 def new generation   total 37120K, used 37120K [0x247c0000, 0x27000000, 0x29d10000)
  eden space 33024K, 100% used [0x247c0000, 0x26800000, 0x26800000)
  from space 4096K, 100% used [0x26800000, 0x26c00000, 0x26c00000)
  to   space 4096K,   0% used [0x26c00000, 0x26c00000, 0x27000000)
 tenured generation   total 82348K, used 66782K [0x29d10000, 0x2ed7b000, 0x347c0000)
   the space 82348K,  81% used [0x29d10000, 0x2de479e8, 0x2de47a00, 0x2ed7b000)
 compacting perm gen  total 18688K, used 18662K [0x347c0000, 0x35a00000, 0x387c0000)
   the space 18688K,  99% used [0x347c0000, 0x359f9b28, 0x359f9c00, 0x35a00000)
    ro space 10240K,  42% used [0x387c0000, 0x38c04240, 0x38c04400, 0x391c0000)
    rw space 12288K,  54% used [0x391c0000, 0x39844d58, 0x39844e00, 0x39dc0000)
Event: 402.773 GC heap after
Heap after GC invocations=653 (full 18):
 def new generation   total 37120K, used 2817K [0x247c0000, 0x27000000, 0x29d10000)
  eden space 33024K,   0% used [0x247c0000, 0x247c0000, 0x26800000)
  from space 4096K,  68% used [0x26c00000, 0x26ec04e0, 0x27000000)
  to   space 4096K,   0% used [0x26800000, 0x26800000, 0x26c00000)
 tenured generation   total 82348K, used 70862K [0x29d10000, 0x2ed7b000, 0x347c0000)
   the space 82348K,  86% used [0x29d10000, 0x2e243b98, 0x2e243c00, 0x2ed7b000)
 compacting perm gen  total 18688K, used 18662K [0x347c0000, 0x35a00000, 0x387c0000)
   the space 18688K,  99% used [0x347c0000, 0x359f9b28, 0x359f9c00, 0x35a00000)
    ro space 10240K,  42% used [0x387c0000, 0x38c04240, 0x38c04400, 0x391c0000)
    rw space 12288K,  54% used [0x391c0000, 0x39844d58, 0x39844e00, 0x39dc0000)
}
Event: 402.863 GC heap before
{Heap before GC invocations=653 (full 18):
 def new generation   total 37120K, used 35841K [0x247c0000, 0x27000000, 0x29d10000)
  eden space 33024K, 100% used [0x247c0000, 0x26800000, 0x26800000)
  from space 4096K,  68% used [0x26c00000, 0x26ec04e0, 0x27000000)
  to   space 4096K,   0% used [0x26800000, 0x26800000, 0x26c00000)
 tenured generation   total 82348K, used 70862K [0x29d10000, 0x2ed7b000, 0x347c0000)
   the space 82348K,  86% used [0x29d10000, 0x2e243b98, 0x2e243c00, 0x2ed7b000)
 compacting perm gen  total 18688K, used 18662K [0x347c0000, 0x35a00000, 0x387c0000)
   the space 18688K,  99% used [0x347c0000, 0x359f9b28, 0x359f9c00, 0x35a00000)
    ro space 10240K,  42% used [0x387c0000, 0x38c04240, 0x38c04400, 0x391c0000)
    rw space 12288K,  54% used [0x391c0000, 0x39844d58, 0x39844e00, 0x39dc0000)
Event: 402.878 GC heap after
Heap after GC invocations=654 (full 18):
 def new generation   total 37120K, used 4096K [0x247c0000, 0x27000000, 0x29d10000)
  eden space 33024K,   0% used [0x247c0000, 0x247c0000, 0x26800000)
  from space 4096K, 100% used [0x26800000, 0x26c00000, 0x26c00000)
  to   space 4096K,   0% used [0x26c00000, 0x26c00000, 0x27000000)
 tenured generation   total 82348K, used 76919K [0x29d10000, 0x2ed7b000, 0x347c0000)
   the space 82348K,  93% used [0x29d10000, 0x2e82df78, 0x2e82e000, 0x2ed7b000)
 compacting perm gen  total 18688K, used 18662K [0x347c0000, 0x35a00000, 0x387c0000)
   the space 18688K,  99% used [0x347c0000, 0x359f9b28, 0x359f9c00, 0x35a00000)
    ro space 10240K,  42% used [0x387c0000, 0x38c04240, 0x38c04400, 0x391c0000)
    rw space 12288K,  54% used [0x391c0000, 0x39844d58, 0x39844e00, 0x39dc0000)
}
Event: 403.130 GC heap before
{Heap before GC invocations=654 (full 18):
 def new generation   total 37120K, used 37120K [0x247c0000, 0x27000000, 0x29d10000)
  eden space 33024K, 100% used [0x247c0000, 0x26800000, 0x26800000)
  from space 4096K, 100% used [0x26800000, 0x26c00000, 0x26c00000)
  to   space 4096K,   0% used [0x26c00000, 0x26c00000, 0x27000000)
 tenured generation   total 82348K, used 76919K [0x29d10000, 0x2ed7b000, 0x347c0000)
   the space 82348K,  93% used [0x29d10000, 0x2e82df78, 0x2e82e000, 0x2ed7b000)
 compacting perm gen  total 18688K, used 18662K [0x347c0000, 0x35a00000, 0x387c0000)
   the space 18688K,  99% used [0x347c0000, 0x359f9b28, 0x359f9c00, 0x35a00000)
    ro space 10240K,  42% used [0x387c0000, 0x38c04240, 0x38c04400, 0x391c0000)
    rw space 12288K,  54% used [0x391c0000, 0x39844d58, 0x39844e00, 0x39dc0000)
Event: 403.136 GC heap after
Heap after GC invocations=655 (full 18):
 def new generation   total 37120K, used 735K [0x247c0000, 0x27000000, 0x29d10000)
  eden space 33024K,   0% used [0x247c0000, 0x247c0000, 0x26800000)
  from space 4096K,  17% used [0x26c00000, 0x26cb7de8, 0x27000000)
  to   space 4096K,   0% used [0x26800000, 0x26800000, 0x26c00000)
 tenured generation   total 82348K, used 79247K [0x29d10000, 0x2ed7b000, 0x347c0000)
   the space 82348K,  96% used [0x29d10000, 0x2ea73cf8, 0x2ea73e00, 0x2ed7b000)
 compacting perm gen  total 18688K, used 18662K [0x347c0000, 0x35a00000, 0x387c0000)
   the space 18688K,  99% used [0x347c0000, 0x359f9b28, 0x359f9c00, 0x35a00000)
    ro space 10240K,  42% used [0x387c0000, 0x38c04240, 0x38c04400, 0x391c0000)
    rw space 12288K,  54% used [0x391c0000, 0x39844d58, 0x39844e00, 0x39dc0000)
}
Event: 403.229 GC heap before
{Heap before GC invocations=655 (full 18):
 def new generation   total 37120K, used 33759K [0x247c0000, 0x27000000, 0x29d10000)
  eden space 33024K, 100% used [0x247c0000, 0x26800000, 0x26800000)
  from space 4096K,  17% used [0x26c00000, 0x26cb7de8, 0x27000000)
  to   space 4096K,   0% used [0x26800000, 0x26800000, 0x26c00000)
 tenured generation   total 82348K, used 79247K [0x29d10000, 0x2ed7b000, 0x347c0000)
   the space 82348K,  96% used [0x29d10000, 0x2ea73cf8, 0x2ea73e00, 0x2ed7b000)
 compacting perm gen  total 18688K, used 18662K [0x347c0000, 0x35a00000, 0x387c0000)
   the space 18688K,  99% used [0x347c0000, 0x359f9b28, 0x359f9c00, 0x35a00000)
    ro space 10240K,  42% used [0x387c0000, 0x38c04240, 0x38c04400, 0x391c0000)
    rw space 12288K,  54% used [0x391c0000, 0x39844d58, 0x39844e00, 0x39dc0000)
Event: 403.328 GC heap after
Heap after GC invocations=656 (full 19):
 def new generation   total 37120K, used 0K [0x247c0000, 0x27000000, 0x29d10000)
  eden space 33024K,   0% used [0x247c0000, 0x247c0000, 0x26800000)
  from space 4096K,   0% used [0x26800000, 0x26800000, 0x26c00000)
  to   space 4096K,   0% used [0x26c00000, 0x26c00000, 0x27000000)
 tenured generation   total 82348K, used 41627K [0x29d10000, 0x2ed7b000, 0x347c0000)
   the space 82348K,  50% used [0x29d10000, 0x2c5b6f10, 0x2c5b7000, 0x2ed7b000)
 compacting perm gen  total 18688K, used 18662K [0x347c0000, 0x35a00000, 0x387c0000)
   the space 18688K,  99% used [0x347c0000, 0x359f9b28, 0x359f9c00, 0x35a00000)
    ro space 10240K,  42% used [0x387c0000, 0x38c04240, 0x38c04400, 0x391c0000)
    rw space 12288K,  54% used [0x391c0000, 0x39844d58, 0x39844e00, 0x39dc0000)
}

Deoptimization events (0 events):
No events

Internal exceptions (10 events):
Event: 385.155 Thread 0x0021b000 Threw 0x253c9a68 at C:\jdk7u2_32P\jdk7u25\hotspot\src\share\vm\prims\jvm.cpp:1235
Event: 385.155 Thread 0x0021b000 Threw 0x253ce3c8 at C:\jdk7u2_32P\jdk7u25\hotspot\src\share\vm\prims\jvm.cpp:1235
Event: 385.155 Thread 0x0021b000 Threw 0x253d3fb0 at C:\jdk7u2_32P\jdk7u25\hotspot\src\share\vm\prims\jvm.cpp:1235
Event: 385.155 Thread 0x0021b000 Threw 0x253d85c8 at C:\jdk7u2_32P\jdk7u25\hotspot\src\share\vm\prims\jvm.cpp:1235
Event: 385.164 Thread 0x0021b000 Threw 0x25497ab0 at C:\jdk7u2_32P\jdk7u25\hotspot\src\share\vm\prims\jvm.cpp:1235
Event: 385.164 Thread 0x0021b000 Threw 0x2549c208 at C:\jdk7u2_32P\jdk7u25\hotspot\src\share\vm\prims\jni.cpp:742
Event: 385.165 Thread 0x0021b000 Threw 0x2549d260 at C:\jdk7u2_32P\jdk7u25\hotspot\src\share\vm\prims\jvm.cpp:1235
Event: 385.165 Thread 0x0021b000 Threw 0x254a3220 at C:\jdk7u2_32P\jdk7u25\hotspot\src\share\vm\prims\jvm.cpp:1235
Event: 385.266 Thread 0x0021b000 Threw 0x254b4530 at C:\jdk7u2_32P\jdk7u25\hotspot\src\share\vm\prims\jvm.cpp:1235
Event: 386.185 Thread 0x05a79c00 Threw 0x24bb6940 at C:\jdk7u2_32P\jdk7u25\hotspot\src\share\vm\prims\jni.cpp:742

Events (10 events):
Event: 402.879 Executing VM operation: RevokeBias
Event: 402.879 Executing VM operation: RevokeBias done
Event: 403.130 Executing VM operation: GenCollectForAllocation
Event: 403.136 Executing VM operation: GenCollectForAllocation done
Event: 403.136 Executing VM operation: RevokeBias
Event: 403.136 Executing VM operation: RevokeBias done
Event: 403.136 Executing VM operation: RevokeBias
Event: 403.136 Executing VM operation: RevokeBias done
Event: 403.229 Executing VM operation: GenCollectForAllocation
Event: 403.328 Executing VM operation: GenCollectForAllocation done


Dynamic libraries:
0x01180000 - 0x011af000 	C:\Program Files (x86)\Java\jre7\bin\javaw.exe
0x77e00000 - 0x77f80000 	C:\Windows\SysWOW64\ntdll.dll
0x762f0000 - 0x76400000 	C:\Windows\syswow64\kernel32.dll
0x75a90000 - 0x75ad7000 	C:\Windows\syswow64\KERNELBASE.dll
0x751c0000 - 0x7522e000 	C:\Windows\SysWOW64\SYSFER.DLL
0x75c40000 - 0x75ce1000 	C:\Windows\syswow64\ADVAPI32.dll
0x75d30000 - 0x75ddc000 	C:\Windows\syswow64\msvcrt.dll
0x76180000 - 0x76199000 	C:\Windows\SysWOW64\sechost.dll
0x76880000 - 0x76970000 	C:\Windows\syswow64\RPCRT4.dll
0x756a0000 - 0x75700000 	C:\Windows\syswow64\SspiCli.dll
0x75690000 - 0x7569c000 	C:\Windows\syswow64\CRYPTBASE.dll
0x75b40000 - 0x75c40000 	C:\Windows\syswow64\USER32.dll
0x764d0000 - 0x76560000 	C:\Windows\syswow64\GDI32.dll
0x76820000 - 0x7682a000 	C:\Windows\syswow64\LPK.dll
0x75700000 - 0x7579d000 	C:\Windows\syswow64\USP10.dll
0x74ed0000 - 0x7506e000 	C:\Windows\WinSxS\x86_microsoft.windows.common-controls_6595b64144ccf1df_6.0.7601.18837_none_41e855142bd5705d\COMCTL32.dll
0x767c0000 - 0x76817000 	C:\Windows\syswow64\SHLWAPI.dll
0x76970000 - 0x769d0000 	C:\Windows\system32\IMM32.DLL
0x76400000 - 0x764cd000 	C:\Windows\syswow64\MSCTF.dll
0x61440000 - 0x614fe000 	C:\Program Files (x86)\Java\jre7\bin\msvcr100.dll
0x646b0000 - 0x649f2000 	C:\Program Files (x86)\Java\jre7\bin\client\jvm.dll
0x75100000 - 0x75107000 	C:\Windows\system32\WSOCK32.dll
0x76830000 - 0x76865000 	C:\Windows\syswow64\WS2_32.dll
0x76170000 - 0x76176000 	C:\Windows\syswow64\NSI.dll
0x74aa0000 - 0x74ad2000 	C:\Windows\system32\WINMM.dll
0x757a0000 - 0x757a5000 	C:\Windows\syswow64\PSAPI.DLL
0x706b0000 - 0x706bc000 	C:\Program Files (x86)\Java\jre7\bin\verify.dll
0x70690000 - 0x706b0000 	C:\Program Files (x86)\Java\jre7\bin\java.dll
0x64e50000 - 0x64e63000 	C:\Program Files (x86)\Java\jre7\bin\zip.dll
0x64b40000 - 0x64b54000 	C:\Program Files (x86)\Java\jre7\bin\net.dll
0x74260000 - 0x7429c000 	C:\Windows\system32\mswsock.dll
0x73920000 - 0x73926000 	C:\Windows\System32\wship6.dll
0x74200000 - 0x74205000 	C:\Windows\System32\wshtcpip.dll
0x74210000 - 0x74254000 	C:\Windows\system32\DNSAPI.dll
0x74410000 - 0x7442c000 	C:\Windows\system32\IPHLPAPI.DLL
0x74400000 - 0x74407000 	C:\Windows\system32\WINNSI.DLL
0x741a0000 - 0x741a6000 	C:\Windows\system32\rasadhlp.dll
0x741b0000 - 0x741e8000 	C:\Windows\System32\fwpuclnt.dll
0x729b0000 - 0x729c7000 	C:\Windows\system32\CRYPTSP.dll
0x72970000 - 0x729ab000 	C:\Windows\system32\rsaenh.dll
0x75b20000 - 0x75b37000 	C:\Windows\syswow64\USERENV.dll
0x76130000 - 0x7613b000 	C:\Windows\syswow64\profapi.dll
0x74910000 - 0x74920000 	C:\Windows\system32\NLAapi.dll
0x74900000 - 0x74910000 	C:\Windows\system32\napinsp.dll
0x748e0000 - 0x748f2000 	C:\Windows\system32\pnrpnsp.dll
0x741f0000 - 0x741f8000 	C:\Windows\System32\winrnr.dll
0x70680000 - 0x7068f000 	C:\Program Files (x86)\Java\jre7\bin\nio.dll
0x750b0000 - 0x750fc000 	C:\Windows\system32\apphelp.dll
0x5e990000 - 0x5e9b0000 	C:\Program Files (x86)\Java\jre7\bin\sunec.dll
0x6f8a0000 - 0x6f8a9000 	C:\Program Files (x86)\Java\jre7\bin\sunmscapi.dll
0x77750000 - 0x77871000 	C:\Windows\syswow64\CRYPT32.dll
0x77dd0000 - 0x77ddc000 	C:\Windows\syswow64\MSASN1.dll
0x60660000 - 0x607a4000 	C:\Program Files (x86)\Java\jre7\bin\awt.dll
0x769d0000 - 0x76a61000 	C:\Windows\syswow64\OLEAUT32.dll
0x778a0000 - 0x779fd000 	C:\Windows\syswow64\ole32.dll
0x729f0000 - 0x72a03000 	C:\Windows\system32\DWMAPI.DLL
0x72a10000 - 0x72a90000 	C:\Windows\system32\uxtheme.dll
0x10000000 - 0x1003d000 	C:\Users\10617348\AppData\Local\Temp\jna-741780090\jna5978285716592862931.dll
0x61350000 - 0x6143b000 	C:\Windows\system32\dbghelp.dll

VM Arguments:
jvm_args: -ea -Dfile.encoding=Cp1252 
java_command: org.testng.remote.RemoteTestNG -serport 60845 -d D:\DataDriven_WS\DataDrivenFramework\test-output C:\Users\10617348\AppData\Local\Temp\testng-eclipse--1712528983\testng-customsuite.xml
Launcher Type: SUN_STANDARD

Environment Variables:
PATH=C:/Program Files (x86)/Java/jre7/bin/client;C:/Program Files (x86)/Java/jre7/bin;C:/Program Files (x86)/Java/jre7/lib/i386;C:\Program Files\Common Files\Microsoft Shared\Microsoft Online Services;C:\Program Files (x86)\Common Files\Microsoft Shared\Microsoft Online Services;C:\Windows\system32;C:\Windows;C:\Windows\System32\Wbem;C:\Windows\System32\WindowsPowerShell\v1.0\;C:\Program Files\TortoiseSVN\bin;C:\Program Files (x86)\WebEx\Productivity Tools;D:\Eclipse Mars;
USERNAME=10617348
OS=Windows_NT
PROCESSOR_IDENTIFIER=Intel64 Family 6 Model 58 Stepping 9, GenuineIntel



---------------  S Y S T E M  ---------------

OS: Windows 7 , 64 bit Build 7601 Service Pack 1

CPU:total 4 (4 cores per cpu, 1 threads per core) family 6 model 58 stepping 9, cmov, cx8, fxsr, mmx, sse, sse2, sse3, ssse3, sse4.1, sse4.2, popcnt, avx, tsc, tscinvbit, tscinv

Memory: 4k page, physical 16592696k(12292220k free), swap 33183532k(29017000k free)

vm_info: Java HotSpot(TM) Client VM (23.25-b01) for windows-x86 JRE (1.7.0_25-b17), built on Jun 21 2013 13:06:48 by "java_re" with unknown MS VC++:1600

time: Thu Jan 04 17:35:38 2018
elapsed time: 403 seconds

