#
# A fatal error has been detected by the Java Runtime Environment:
#
#  EXCEPTION_ACCESS_VIOLATION (0xc0000005) at pc=0x6471245f, pid=8744, tid=6116
#
# JRE version: 7.0_25-b17
# Java VM: Java HotSpot(TM) Client VM (23.25-b01 mixed mode windows-x86 )
# Problematic frame:
# V  [jvm.dll+0x6245f]
#
# Failed to write core dump. Minidumps are not enabled by default on client versions of Windows
#
# If you would like to submit a bug report, please visit:
#   http://bugreport.sun.com/bugreport/crash.jsp
#

---------------  T H R E A D  ---------------

Current thread (0x18426800):  VMThread [stack: 0x18620000,0x18670000] [id=6116]

siginfo: ExceptionCode=0xc0000005, reading address 0x0000000c

Registers:
EAX=0x04760fb8, EBX=0x14c848e0, ECX=0x00000000, EDX=0x0d1ecc34
ESP=0x1866f678, EBP=0x1866f688, ESI=0x021a2c58, EDI=0x04760fb8
EIP=0x6471245f, EFLAGS=0x00010293

Top of Stack: (sp=0x1866f678)
0x1866f678:   1866f794 0d1ecbfc 14c848e0 021a2c58
0x1866f688:   1866f6a8 64734703 04760fb8 0d23d298
0x1866f698:   0d1ecbe0 1866f794 14c848f0 14c843d0
0x1866f6a8:   1866f6c8 64720913 0d1ecbe0 0d1ecc34
0x1866f6b8:   0229c950 1866f794 021a0284 021a4a20
0x1866f6c8:   1866f6dc 64719e71 1866f794 021a0228
0x1866f6d8:   00000001 1866f6f4 64717757 1866f794
0x1866f6e8:   00000000 021a0228 1866f77c 1866f7ec 

Instructions: (pc=0x6471245f)
0x6471243f:   5f 5e 5b 5d c2 04 00 cc cc cc cc cc cc cc cc cc
0x6471244f:   cc 55 8b ec 51 53 56 57 8b 7d 08 8b f1 8b 4f 04
0x6471245f:   8b 41 0c 83 c1 08 89 75 fc 85 c0 7e 09 a8 01 75
0x6471246f:   30 c1 f8 02 eb 33 79 29 8b 5f 08 8b 15 ac fe 99 


Register to memory mapping:

EAX=0x04760fb8 is an oop
[C 
 - klass: {type array char}
 - length: 3
EBX=0x14c848e0 is an oop
{instance class} 
 - klass: {other class}
ECX=0x00000000 is an unknown value
EDX=0x0d1ecc34 is an oop
org.apache.xmlbeans.impl.store.Xobj$ElementXobj 
 - klass: 'org/apache/xmlbeans/impl/store/Xobj$ElementXobj'
ESP=0x1866f678 is an unknown value
EBP=0x1866f688 is an unknown value
ESI=0x021a2c58 is an unknown value
EDI=0x04760fb8 is an oop
[C 
 - klass: {type array char}
 - length: 3


Stack: [0x18620000,0x18670000],  sp=0x1866f678,  free space=317k
Native frames: (J=compiled Java code, j=interpreted, Vv=VM code, C=native code)
V  [jvm.dll+0x6245f]
V  [jvm.dll+0x84703]
V  [jvm.dll+0x70913]
V  [jvm.dll+0x69e71]
V  [jvm.dll+0x67757]
V  [jvm.dll+0x61df7]
V  [jvm.dll+0x68742]
V  [jvm.dll+0x5fdd3]
V  [jvm.dll+0x16ff76]
V  [jvm.dll+0x149235]
V  [jvm.dll+0x1483ae]
V  [jvm.dll+0x148737]
V  [jvm.dll+0x148c02]
V  [jvm.dll+0x177bb9]
C  [msvcr100.dll+0x5c6de]  endthreadex+0x3a
C  [msvcr100.dll+0x5c788]  endthreadex+0xe4
C  [kernel32.dll+0x1336a]  BaseThreadInitThunk+0x12
C  [ntdll.dll+0x398f2]  RtlInitializeExceptionChain+0x63
C  [ntdll.dll+0x398c5]  RtlInitializeExceptionChain+0x36

VM_Operation (0x0045dc50): GenCollectForAllocation, mode: safepoint, requested by thread 0x0229b400


---------------  P R O C E S S  ---------------

Java Threads: ( => current thread )
  0x1a4ab000 JavaThread "UrlChecker-2" daemon [_thread_blocked, id=9176, stack(0x1b5b0000,0x1b600000)]
  0x1a4aa800 JavaThread "Exec Stream Pumper" daemon [_thread_in_native, id=9200, stack(0x1b4d0000,0x1b520000)]
  0x1a47a000 JavaThread "Exec Stream Pumper" daemon [_thread_in_native, id=9196, stack(0x1b3f0000,0x1b440000)]
  0x1a46bc00 JavaThread "Exec Default Executor" daemon [_thread_in_native, id=7044, stack(0x1b350000,0x1b3a0000)]
  0x196d1400 JavaThread "ReaderThread" [_thread_in_native, id=9120, stack(0x19af0000,0x19b40000)]
  0x184b0c00 JavaThread "Service Thread" daemon [_thread_blocked, id=8652, stack(0x195e0000,0x19630000)]
  0x184ae400 JavaThread "C1 CompilerThread0" daemon [_thread_blocked, id=3868, stack(0x194f0000,0x19540000)]
  0x1849e400 JavaThread "JDWP Command Reader" daemon [_thread_in_native, id=6712, stack(0x19310000,0x19360000)]
  0x1849c000 JavaThread "JDWP Event Helper Thread" daemon [_thread_blocked, id=3496, stack(0x18f70000,0x18fc0000)]
  0x18491c00 JavaThread "JDWP Transport Listener: dt_socket" daemon [_thread_blocked, id=2676, stack(0x18970000,0x189c0000)]
  0x1848b400 JavaThread "Attach Listener" daemon [_thread_blocked, id=3336, stack(0x18a70000,0x18ac0000)]
  0x18488000 JavaThread "Signal Dispatcher" daemon [_thread_blocked, id=5308, stack(0x18a20000,0x18a70000)]
  0x1842fc00 JavaThread "Finalizer" daemon [_thread_blocked, id=4596, stack(0x189d0000,0x18a20000)]
  0x1842b000 JavaThread "Reference Handler" daemon [_thread_blocked, id=5792, stack(0x18920000,0x18970000)]
  0x0229b400 JavaThread "main" [_thread_blocked, id=7700, stack(0x00410000,0x00460000)]

Other Threads:
=>0x18426800 VMThread [stack: 0x18620000,0x18670000] [id=6116]
  0x184c2400 WatcherThread [stack: 0x18ec0000,0x18f10000] [id=9152]

VM state:at safepoint (normal execution)

VM Mutex/Monitor currently owned by a thread:  ([mutex/lock_event])
[0x02299958] Threads_lock - owner thread: 0x18426800
[0x02299d68] Heap_lock - owner thread: 0x0229b400

Heap
 def new generation   total 28608K, used 28607K [0x043f0000, 0x062f0000, 0x09940000)
  eden space 25472K, 100% used [0x043f0000, 0x05cd0000, 0x05cd0000)
  from space 3136K,  99% used [0x05fe0000, 0x062efff8, 0x062f0000)
  to   space 3136K,  99% used [0x05cd0000, 0x05fdfff8, 0x05fe0000)
 tenured generation   total 63360K, used 58430K [0x09940000, 0x0d720000, 0x143f0000)
   the space 63360K,  92% used [0x09940000, 0x0d24f858, 0x0d24fa00, 0x0d720000)
 compacting perm gen  total 19456K, used 19370K [0x143f0000, 0x156f0000, 0x183f0000)
   the space 19456K,  99% used [0x143f0000, 0x156da900, 0x156daa00, 0x156f0000)
No shared spaces configured.

Card table byte_map: [0x022e0000,0x02390000] byte_map_base: 0x022be080

Polling page: 0x00200000

Code Cache  [0x023f0000, 0x02830000, 0x043f0000)
 total_blobs=2207 nmethods=2025 adapters=124 free_code_cache=28426Kb largest_free_block=29106816

Compilation events (10 events):
Event: 17.368 Thread 0x184ae400 2035             com.sun.org.apache.xerces.internal.impl.XMLDTDScannerImpl::getPropertyDefault (36 bytes)
Event: 17.368 Thread 0x184ae400 nmethod 2035 0x0282c008 code [0x0282c120, 0x0282c26c]
Event: 17.368 Thread 0x184ae400 2036             java.util.ResourceBundle$BundleReference::getCacheKey (5 bytes)
Event: 17.368 Thread 0x184ae400 nmethod 2036 0x0282c408 code [0x0282c500, 0x0282c580]
Event: 17.373 Thread 0x184ae400 2037             org.apache.xmlbeans.impl.store.Saver$TextSaver::emitXmlns (84 bytes)
Event: 17.373 Thread 0x184ae400 nmethod 2037 0x0282c5c8 code [0x0282c760, 0x0282ca9c]
Event: 17.376 Thread 0x184ae400 2038             org.apache.xmlbeans.impl.store.Saver::mappingUri (39 bytes)
Event: 17.377 Thread 0x184ae400 nmethod 2038 0x0282cf08 code [0x0282d040, 0x0282d234]
Event: 17.379 Thread 0x184ae400 2039   !         sun.reflect.GeneratedConstructorAccessor15::newInstance (53 bytes)
Event: 17.380 Thread 0x184ae400 nmethod 2039 0x0282d508 code [0x0282d670, 0x0282d9dc]

GC Heap History (10 events):
Event: 16.772 GC heap after
Heap after GC invocations=56 (full 4):
 def new generation   total 28608K, used 2611K [0x043f0000, 0x062f0000, 0x09940000)
  eden space 25472K,   0% used [0x043f0000, 0x043f0000, 0x05cd0000)
  from space 3136K,  83% used [0x05fe0000, 0x0626cc20, 0x062f0000)
  to   space 3136K,   0% used [0x05cd0000, 0x05cd0000, 0x05fe0000)
 tenured generation   total 63360K, used 38015K [0x09940000, 0x0d720000, 0x143f0000)
   the space 63360K,  59% used [0x09940000, 0x0be5fd08, 0x0be5fe00, 0x0d720000)
 compacting perm gen  total 19456K, used 19370K [0x143f0000, 0x156f0000, 0x183f0000)
   the space 19456K,  99% used [0x143f0000, 0x156da800, 0x156da800, 0x156f0000)
No shared spaces configured.
}
Event: 16.876 GC heap before
{Heap before GC invocations=56 (full 4):
 def new generation   total 28608K, used 28083K [0x043f0000, 0x062f0000, 0x09940000)
  eden space 25472K, 100% used [0x043f0000, 0x05cd0000, 0x05cd0000)
  from space 3136K,  83% used [0x05fe0000, 0x0626cc20, 0x062f0000)
  to   space 3136K,   0% used [0x05cd0000, 0x05cd0000, 0x05fe0000)
 tenured generation   total 63360K, used 38015K [0x09940000, 0x0d720000, 0x143f0000)
   the space 63360K,  59% used [0x09940000, 0x0be5fd08, 0x0be5fe00, 0x0d720000)
 compacting perm gen  total 19456K, used 19370K [0x143f0000, 0x156f0000, 0x183f0000)
   the space 19456K,  99% used [0x143f0000, 0x156da870, 0x156daa00, 0x156f0000)
No shared spaces configured.
Event: 16.891 GC heap after
Heap after GC invocations=57 (full 4):
 def new generation   total 28608K, used 3136K [0x043f0000, 0x062f0000, 0x09940000)
  eden space 25472K,   0% used [0x043f0000, 0x043f0000, 0x05cd0000)
  from space 3136K, 100% used [0x05cd0000, 0x05fe0000, 0x05fe0000)
  to   space 3136K,   0% used [0x05fe0000, 0x05fe0000, 0x062f0000)
 tenured generation   total 63360K, used 44535K [0x09940000, 0x0d720000, 0x143f0000)
   the space 63360K,  70% used [0x09940000, 0x0c4bdcb0, 0x0c4bde00, 0x0d720000)
 compacting perm gen  total 19456K, used 19370K [0x143f0000, 0x156f0000, 0x183f0000)
   the space 19456K,  99% used [0x143f0000, 0x156da870, 0x156daa00, 0x156f0000)
No shared spaces configured.
}
Event: 16.985 GC heap before
{Heap before GC invocations=57 (full 4):
 def new generation   total 28608K, used 28608K [0x043f0000, 0x062f0000, 0x09940000)
  eden space 25472K, 100% used [0x043f0000, 0x05cd0000, 0x05cd0000)
  from space 3136K, 100% used [0x05cd0000, 0x05fe0000, 0x05fe0000)
  to   space 3136K,   0% used [0x05fe0000, 0x05fe0000, 0x062f0000)
 tenured generation   total 63360K, used 44535K [0x09940000, 0x0d720000, 0x143f0000)
   the space 63360K,  70% used [0x09940000, 0x0c4bdcb0, 0x0c4bde00, 0x0d720000)
 compacting perm gen  total 19456K, used 19370K [0x143f0000, 0x156f0000, 0x183f0000)
   the space 19456K,  99% used [0x143f0000, 0x156da8a0, 0x156daa00, 0x156f0000)
No shared spaces configured.
Event: 16.990 GC heap after
Heap after GC invocations=58 (full 4):
 def new generation   total 28608K, used 979K [0x043f0000, 0x062f0000, 0x09940000)
  eden space 25472K,   0% used [0x043f0000, 0x043f0000, 0x05cd0000)
  from space 3136K,  31% used [0x05fe0000, 0x060d4e08, 0x062f0000)
  to   space 3136K,   0% used [0x05cd0000, 0x05cd0000, 0x05fe0000)
 tenured generation   total 63360K, used 46006K [0x09940000, 0x0d720000, 0x143f0000)
   the space 63360K,  72% used [0x09940000, 0x0c62d8c8, 0x0c62da00, 0x0d720000)
 compacting perm gen  total 19456K, used 19370K [0x143f0000, 0x156f0000, 0x183f0000)
   the space 19456K,  99% used [0x143f0000, 0x156da8a0, 0x156daa00, 0x156f0000)
No shared spaces configured.
}
Event: 17.057 GC heap before
{Heap before GC invocations=58 (full 4):
 def new generation   total 28608K, used 26451K [0x043f0000, 0x062f0000, 0x09940000)
  eden space 25472K, 100% used [0x043f0000, 0x05cd0000, 0x05cd0000)
  from space 3136K,  31% used [0x05fe0000, 0x060d4e08, 0x062f0000)
  to   space 3136K,   0% used [0x05cd0000, 0x05cd0000, 0x05fe0000)
 tenured generation   total 63360K, used 46006K [0x09940000, 0x0d720000, 0x143f0000)
   the space 63360K,  72% used [0x09940000, 0x0c62d8c8, 0x0c62da00, 0x0d720000)
 compacting perm gen  total 19456K, used 19370K [0x143f0000, 0x156f0000, 0x183f0000)
   the space 19456K,  99% used [0x143f0000, 0x156da8a0, 0x156daa00, 0x156f0000)
No shared spaces configured.
Event: 17.069 GC heap after
Heap after GC invocations=59 (full 4):
 def new generation   total 28608K, used 3136K [0x043f0000, 0x062f0000, 0x09940000)
  eden space 25472K,   0% used [0x043f0000, 0x043f0000, 0x05cd0000)
  from space 3136K, 100% used [0x05cd0000, 0x05fe0000, 0x05fe0000)
  to   space 3136K,   0% used [0x05fe0000, 0x05fe0000, 0x062f0000)
 tenured generation   total 63360K, used 50442K [0x09940000, 0x0d720000, 0x143f0000)
   the space 63360K,  79% used [0x09940000, 0x0ca82a68, 0x0ca82c00, 0x0d720000)
 compacting perm gen  total 19456K, used 19370K [0x143f0000, 0x156f0000, 0x183f0000)
   the space 19456K,  99% used [0x143f0000, 0x156da8a0, 0x156daa00, 0x156f0000)
No shared spaces configured.
}
Event: 17.141 GC heap before
{Heap before GC invocations=59 (full 4):
 def new generation   total 28608K, used 28608K [0x043f0000, 0x062f0000, 0x09940000)
  eden space 25472K, 100% used [0x043f0000, 0x05cd0000, 0x05cd0000)
  from space 3136K, 100% used [0x05cd0000, 0x05fe0000, 0x05fe0000)
  to   space 3136K,   0% used [0x05fe0000, 0x05fe0000, 0x062f0000)
 tenured generation   total 63360K, used 50442K [0x09940000, 0x0d720000, 0x143f0000)
   the space 63360K,  79% used [0x09940000, 0x0ca82a68, 0x0ca82c00, 0x0d720000)
 compacting perm gen  total 19456K, used 19370K [0x143f0000, 0x156f0000, 0x183f0000)
   the space 19456K,  99% used [0x143f0000, 0x156da8e0, 0x156daa00, 0x156f0000)
No shared spaces configured.
Event: 17.152 GC heap after
Heap after GC invocations=60 (full 4):
 def new generation   total 28608K, used 3135K [0x043f0000, 0x062f0000, 0x09940000)
  eden space 25472K,   0% used [0x043f0000, 0x043f0000, 0x05cd0000)
  from space 3136K,  99% used [0x05fe0000, 0x062efff8, 0x062f0000)
  to   space 3136K,   0% used [0x05cd0000, 0x05cd0000, 0x05fe0000)
 tenured generation   total 63360K, used 54226K [0x09940000, 0x0d720000, 0x143f0000)
   the space 63360K,  85% used [0x09940000, 0x0ce34a70, 0x0ce34c00, 0x0d720000)
 compacting perm gen  total 19456K, used 19370K [0x143f0000, 0x156f0000, 0x183f0000)
   the space 19456K,  99% used [0x143f0000, 0x156da8e0, 0x156daa00, 0x156f0000)
No shared spaces configured.
}
Event: 17.384 GC heap before
{Heap before GC invocations=60 (full 4):
 def new generation   total 28608K, used 28607K [0x043f0000, 0x062f0000, 0x09940000)
  eden space 25472K, 100% used [0x043f0000, 0x05cd0000, 0x05cd0000)
  from space 3136K,  99% used [0x05fe0000, 0x062efff8, 0x062f0000)
  to   space 3136K,   0% used [0x05cd0000, 0x05cd0000, 0x05fe0000)
 tenured generation   total 63360K, used 54226K [0x09940000, 0x0d720000, 0x143f0000)
   the space 63360K,  85% used [0x09940000, 0x0ce34a70, 0x0ce34c00, 0x0d720000)
 compacting perm gen  total 19456K, used 19370K [0x143f0000, 0x156f0000, 0x183f0000)
   the space 19456K,  99% used [0x143f0000, 0x156da900, 0x156daa00, 0x156f0000)
No shared spaces configured.

Deoptimization events (0 events):
No events

Internal exceptions (10 events):
Event: 16.625 Thread 0x0229b400 Threw 0x046fece0 at C:\jdk7u2_32P\jdk7u25\hotspot\src\share\vm\prims\jvm.cpp:1235
Event: 16.625 Thread 0x0229b400 Threw 0x04706480 at C:\jdk7u2_32P\jdk7u25\hotspot\src\share\vm\prims\jvm.cpp:1235
Event: 16.626 Thread 0x0229b400 Threw 0x0470bf28 at C:\jdk7u2_32P\jdk7u25\hotspot\src\share\vm\prims\jvm.cpp:1235
Event: 16.628 Thread 0x0229b400 Threw 0x0472eab0 at C:\jdk7u2_32P\jdk7u25\hotspot\src\share\vm\prims\jvm.cpp:1235
Event: 16.628 Thread 0x0229b400 Threw 0x04733318 at C:\jdk7u2_32P\jdk7u25\hotspot\src\share\vm\prims\jvm.cpp:1235
Event: 16.629 Thread 0x0229b400 Threw 0x0474e560 at C:\jdk7u2_32P\jdk7u25\hotspot\src\share\vm\prims\jvm.cpp:1235
Event: 16.630 Thread 0x0229b400 Threw 0x04756230 at C:\jdk7u2_32P\jdk7u25\hotspot\src\share\vm\prims\jvm.cpp:1235
Event: 16.631 Thread 0x0229b400 Threw 0x04761000 at C:\jdk7u2_32P\jdk7u25\hotspot\src\share\vm\prims\jvm.cpp:1235
Event: 16.631 Thread 0x0229b400 Threw 0x047650e0 at C:\jdk7u2_32P\jdk7u25\hotspot\src\share\vm\prims\jvm.cpp:1235
Event: 16.632 Thread 0x0229b400 Threw 0x0476b1d0 at C:\jdk7u2_32P\jdk7u25\hotspot\src\share\vm\prims\jvm.cpp:1235

Events (10 events):
Event: 17.368 Thread 0x0229b400 DEOPT UNPACKING pc=0x0241cdb9 sp=0x0045e1d0 mode 1
Event: 17.371 Thread 0x0229b400 DEOPT PACKING pc=0x0267f790 sp=0x0045e300
Event: 17.371 Thread 0x0229b400 DEOPT UNPACKING pc=0x0241cdb9 sp=0x0045e1f4 mode 1
Event: 17.371 Thread 0x0229b400 DEOPT PACKING pc=0x027f5450 sp=0x0045e300
Event: 17.371 Thread 0x0229b400 DEOPT UNPACKING pc=0x0241cdb9 sp=0x0045e230 mode 1
Event: 17.371 Thread 0x0229b400 DEOPT PACKING pc=0x027cb611 sp=0x0045e200
Event: 17.371 Thread 0x0229b400 DEOPT UNPACKING pc=0x0241cdb9 sp=0x0045e0d0 mode 1
Event: 17.371 Thread 0x0229b400 DEOPT PACKING pc=0x025ae2fc sp=0x0045e230
Event: 17.371 Thread 0x0229b400 DEOPT UNPACKING pc=0x0241cdb9 sp=0x0045e110 mode 1
Event: 17.384 Executing VM operation: GenCollectForAllocation


Dynamic libraries:
0x00d50000 - 0x00d7f000 	C:\Program Files (x86)\Java\jre7\bin\javaw.exe
0x77e00000 - 0x77f80000 	C:\Windows\SysWOW64\ntdll.dll
0x762f0000 - 0x76400000 	C:\Windows\syswow64\kernel32.dll
0x75a90000 - 0x75ad7000 	C:\Windows\syswow64\KERNELBASE.dll
0x751c0000 - 0x7522e000 	C:\Windows\SysWOW64\SYSFER.DLL
0x75c40000 - 0x75ce1000 	C:\Windows\syswow64\ADVAPI32.dll
0x75d30000 - 0x75ddc000 	C:\Windows\syswow64\msvcrt.dll
0x76180000 - 0x76199000 	C:\Windows\SysWOW64\sechost.dll
0x76880000 - 0x76970000 	C:\Windows\syswow64\RPCRT4.dll
0x756a0000 - 0x75700000 	C:\Windows\syswow64\SspiCli.dll
0x75690000 - 0x7569c000 	C:\Windows\syswow64\CRYPTBASE.dll
0x75b40000 - 0x75c40000 	C:\Windows\syswow64\USER32.dll
0x764d0000 - 0x76560000 	C:\Windows\syswow64\GDI32.dll
0x76820000 - 0x7682a000 	C:\Windows\syswow64\LPK.dll
0x75700000 - 0x7579d000 	C:\Windows\syswow64\USP10.dll
0x74ed0000 - 0x7506e000 	C:\Windows\WinSxS\x86_microsoft.windows.common-controls_6595b64144ccf1df_6.0.7601.18837_none_41e855142bd5705d\COMCTL32.dll
0x767c0000 - 0x76817000 	C:\Windows\syswow64\SHLWAPI.dll
0x76970000 - 0x769d0000 	C:\Windows\system32\IMM32.DLL
0x76400000 - 0x764cd000 	C:\Windows\syswow64\MSCTF.dll
0x61370000 - 0x6142e000 	C:\Program Files (x86)\Java\jre7\bin\msvcr100.dll
0x646b0000 - 0x649f2000 	C:\Program Files (x86)\Java\jre7\bin\client\jvm.dll
0x75100000 - 0x75107000 	C:\Windows\system32\WSOCK32.dll
0x76830000 - 0x76865000 	C:\Windows\syswow64\WS2_32.dll
0x76170000 - 0x76176000 	C:\Windows\syswow64\NSI.dll
0x74aa0000 - 0x74ad2000 	C:\Windows\system32\WINMM.dll
0x757a0000 - 0x757a5000 	C:\Windows\syswow64\PSAPI.DLL
0x706b0000 - 0x706bc000 	C:\Program Files (x86)\Java\jre7\bin\verify.dll
0x70690000 - 0x706b0000 	C:\Program Files (x86)\Java\jre7\bin\java.dll
0x74560000 - 0x7458a000 	C:\Program Files (x86)\Java\jre7\bin\jdwp.dll
0x74550000 - 0x74557000 	C:\Program Files (x86)\Java\jre7\bin\npt.dll
0x64e50000 - 0x64e63000 	C:\Program Files (x86)\Java\jre7\bin\zip.dll
0x74540000 - 0x74548000 	C:\Program Files (x86)\Java\jre7\bin\dt_socket.dll
0x74910000 - 0x74920000 	C:\Windows\system32\NLAapi.dll
0x74900000 - 0x74910000 	C:\Windows\system32\napinsp.dll
0x748e0000 - 0x748f2000 	C:\Windows\system32\pnrpnsp.dll
0x74260000 - 0x7429c000 	C:\Windows\System32\mswsock.dll
0x74210000 - 0x74254000 	C:\Windows\system32\DNSAPI.dll
0x741f0000 - 0x741f8000 	C:\Windows\System32\winrnr.dll
0x74410000 - 0x7442c000 	C:\Windows\system32\IPHLPAPI.DLL
0x74400000 - 0x74407000 	C:\Windows\system32\WINNSI.DLL
0x741b0000 - 0x741e8000 	C:\Windows\System32\fwpuclnt.dll
0x741a0000 - 0x741a6000 	C:\Windows\system32\rasadhlp.dll
0x74200000 - 0x74205000 	C:\Windows\System32\wshtcpip.dll
0x64b40000 - 0x64b54000 	C:\Program Files (x86)\Java\jre7\bin\net.dll
0x73920000 - 0x73926000 	C:\Windows\System32\wship6.dll
0x729b0000 - 0x729c7000 	C:\Windows\system32\CRYPTSP.dll
0x72970000 - 0x729ab000 	C:\Windows\system32\rsaenh.dll
0x75b20000 - 0x75b37000 	C:\Windows\syswow64\USERENV.dll
0x76130000 - 0x7613b000 	C:\Windows\syswow64\profapi.dll
0x70680000 - 0x7068f000 	C:\Program Files (x86)\Java\jre7\bin\nio.dll
0x750b0000 - 0x750fc000 	C:\Windows\system32\apphelp.dll
0x5e990000 - 0x5e9b0000 	C:\Program Files (x86)\Java\jre7\bin\sunec.dll
0x6f8a0000 - 0x6f8a9000 	C:\Program Files (x86)\Java\jre7\bin\sunmscapi.dll
0x77750000 - 0x77871000 	C:\Windows\syswow64\CRYPT32.dll
0x77dd0000 - 0x77ddc000 	C:\Windows\syswow64\MSASN1.dll
0x61280000 - 0x6136b000 	C:\Windows\system32\dbghelp.dll

VM Arguments:
jvm_args: -agentlib:jdwp=transport=dt_socket,suspend=y,address=localhost:55157 -ea -Dfile.encoding=Cp1252 
java_command: org.testng.remote.RemoteTestNG -serport 55156 -d D:\DataDriven_WS\DataDrivenFramework\test-output C:\Users\10617348\AppData\Local\Temp\testng-eclipse-1476052073\testng-customsuite.xml
Launcher Type: SUN_STANDARD

Environment Variables:
PATH=C:/Program Files (x86)/Java/jre7/bin/client;C:/Program Files (x86)/Java/jre7/bin;C:/Program Files (x86)/Java/jre7/lib/i386;C:\Program Files\Common Files\Microsoft Shared\Microsoft Online Services;C:\Program Files (x86)\Common Files\Microsoft Shared\Microsoft Online Services;C:\Windows\system32;C:\Windows;C:\Windows\System32\Wbem;C:\Windows\System32\WindowsPowerShell\v1.0\;C:\Program Files\TortoiseSVN\bin;C:\Program Files (x86)\WebEx\Productivity Tools;D:\Eclipse Mars;
USERNAME=10617348
OS=Windows_NT
PROCESSOR_IDENTIFIER=Intel64 Family 6 Model 58 Stepping 9, GenuineIntel



---------------  S Y S T E M  ---------------

OS: Windows 7 , 64 bit Build 7601 Service Pack 1

CPU:total 4 (4 cores per cpu, 1 threads per core) family 6 model 58 stepping 9, cmov, cx8, fxsr, mmx, sse, sse2, sse3, ssse3, sse4.1, sse4.2, popcnt, avx, tsc, tscinvbit, tscinv

Memory: 4k page, physical 16592696k(12401612k free), swap 33183532k(28976012k free)

vm_info: Java HotSpot(TM) Client VM (23.25-b01) for windows-x86 JRE (1.7.0_25-b17), built on Jun 21 2013 13:06:48 by "java_re" with unknown MS VC++:1600

time: Thu Jan 04 18:15:05 2018
elapsed time: 17 seconds

