#
# A fatal error has been detected by the Java Runtime Environment:
#
#  EXCEPTION_ACCESS_VIOLATION (0xc0000005) at pc=0x6471245f, pid=3824, tid=3828
#
# JRE version: 7.0_25-b17
# Java VM: Java HotSpot(TM) Client VM (23.25-b01 mixed mode, sharing windows-x86 )
# Problematic frame:
# V  [jvm.dll+0x6245f]
#
# Failed to write core dump. Minidumps are not enabled by default on client versions of Windows
#
# If you would like to submit a bug report, please visit:
#   http://bugreport.sun.com/bugreport/crash.jsp
#

---------------  T H R E A D  ---------------

Current thread (0x00c51000):  VMThread [stack: 0x04760000,0x047b0000] [id=3828]

siginfo: ExceptionCode=0xc0000005, reading address 0x0000000c

Registers:
EAX=0x2603f670, EBX=0x34d58390, ECX=0x00000000, EDX=0x2cc5340c
ESP=0x047af618, EBP=0x047af628, ESI=0x00bc2a00, EDI=0x2603f670
EIP=0x6471245f, EFLAGS=0x00010293

Top of Stack: (sp=0x047af618)
0x047af618:   047af734 2cc533e4 34d58390 00bc2a00
0x047af628:   047af648 64734703 2603f670 2cc5c398
0x047af638:   2cc533b8 047af734 34d58398 34d57ee8
0x047af648:   047af668 64720913 2cc533b8 2cc5340c
0x047af658:   0024c4d0 047af734 0024fd2c 00bc46e8
0x047af668:   047af67c 64719e71 047af734 0024fcd0
0x047af678:   00000001 047af694 64717757 047af734
0x047af688:   00000000 0024fcd0 047af71c 047af78c 

Instructions: (pc=0x6471245f)
0x6471243f:   5f 5e 5b 5d c2 04 00 cc cc cc cc cc cc cc cc cc
0x6471244f:   cc 55 8b ec 51 53 56 57 8b 7d 08 8b f1 8b 4f 04
0x6471245f:   8b 41 0c 83 c1 08 89 75 fc 85 c0 7e 09 a8 01 75
0x6471246f:   30 c1 f8 02 eb 33 79 29 8b 5f 08 8b 15 ac fe 99 


Register to memory mapping:

EAX=0x2603f670 is an oop
[C 
 - klass: {type array char}
 - length: 3
EBX=0x34d58390 is an oop
{instance class} 
 - klass: {other class}
ECX=0x00000000 is an unknown value
EDX=0x2cc5340c is an oop
org.apache.xmlbeans.impl.store.Xobj$AttrXobj 
 - klass: 'org/apache/xmlbeans/impl/store/Xobj$AttrXobj'
ESP=0x047af618 is an unknown value
EBP=0x047af628 is an unknown value
ESI=0x00bc2a00 is an unknown value
EDI=0x2603f670 is an oop
[C 
 - klass: {type array char}
 - length: 3


Stack: [0x04760000,0x047b0000],  sp=0x047af618,  free space=317k
Native frames: (J=compiled Java code, j=interpreted, Vv=VM code, C=native code)
V  [jvm.dll+0x6245f]
V  [jvm.dll+0x84703]
V  [jvm.dll+0x70913]
V  [jvm.dll+0x69e71]
V  [jvm.dll+0x67757]
V  [jvm.dll+0x61df7]
V  [jvm.dll+0x68742]
V  [jvm.dll+0x5fdd3]
V  [jvm.dll+0x16ff76]
V  [jvm.dll+0x149235]
V  [jvm.dll+0x1483ae]
V  [jvm.dll+0x148737]
V  [jvm.dll+0x148c02]
V  [jvm.dll+0x177bb9]
C  [msvcr100.dll+0x5c6de]  endthreadex+0x3a
C  [msvcr100.dll+0x5c788]  endthreadex+0xe4
C  [kernel32.dll+0x1336a]  BaseThreadInitThunk+0x12
C  [ntdll.dll+0x398f2]  RtlInitializeExceptionChain+0x63
C  [ntdll.dll+0x398c5]  RtlInitializeExceptionChain+0x36

VM_Operation (0x00b9e6d0): GenCollectForAllocation, mode: safepoint, requested by thread 0x0024b000


---------------  P R O C E S S  ---------------

Java Threads: ( => current thread )
  0x061c3000 JavaThread "Exec Stream Pumper" daemon [_thread_in_native, id=7544, stack(0x07360000,0x073b0000)]
  0x061dec00 JavaThread "Exec Stream Pumper" daemon [_thread_in_native, id=4124, stack(0x072e0000,0x07330000)]
  0x061de000 JavaThread "UrlChecker-2" daemon [_thread_blocked, id=4120, stack(0x05610000,0x05660000)]
  0x061df800 JavaThread "Exec Default Executor" daemon [_thread_in_native, id=8508, stack(0x05950000,0x059a0000)]
  0x04d86400 JavaThread "ReaderThread" [_thread_in_native, id=9184, stack(0x04ae0000,0x04b30000)]
  0x00c71c00 JavaThread "Service Thread" daemon [_thread_blocked, id=4108, stack(0x04b50000,0x04ba0000)]
  0x00c6d000 JavaThread "C1 CompilerThread0" daemon [_thread_blocked, id=8840, stack(0x04a30000,0x04a80000)]
  0x00c6c000 JavaThread "Attach Listener" daemon [_thread_blocked, id=6324, stack(0x01170000,0x011c0000)]
  0x00c68c00 JavaThread "Signal Dispatcher" daemon [_thread_blocked, id=7556, stack(0x04860000,0x048b0000)]
  0x00c54400 JavaThread "Finalizer" daemon [_thread_blocked, id=1064, stack(0x00790000,0x007e0000)]
  0x00c52c00 JavaThread "Reference Handler" daemon [_thread_blocked, id=5616, stack(0x046f0000,0x04740000)]
  0x0024b000 JavaThread "main" [_thread_blocked, id=8576, stack(0x00b50000,0x00ba0000)]

Other Threads:
=>0x00c51000 VMThread [stack: 0x04760000,0x047b0000] [id=3828]
  0x00c91c00 WatcherThread [stack: 0x04a80000,0x04ad0000] [id=4324]

VM state:at safepoint (normal execution)

VM Mutex/Monitor currently owned by a thread:  ([mutex/lock_event])
[0x00249548] Threads_lock - owner thread: 0x00c51000
[0x00249958] Heap_lock - owner thread: 0x0024b000

Heap
 def new generation   total 28992K, used 28992K [0x247c0000, 0x26730000, 0x29d10000)
  eden space 25792K, 100% used [0x247c0000, 0x260f0000, 0x260f0000)
  from space 3200K, 100% used [0x260f0000, 0x26410000, 0x26410000)
  to   space 3200K,   8% used [0x26410000, 0x26454dd0, 0x26730000)
 tenured generation   total 64332K, used 48454K [0x29d10000, 0x2dbe3000, 0x347c0000)
   the space 64332K,  75% used [0x29d10000, 0x2cc61820, 0x2cc61a00, 0x2dbe3000)
 compacting perm gen  total 16128K, used 15959K [0x347c0000, 0x35780000, 0x387c0000)
   the space 16128K,  98% used [0x347c0000, 0x35755f20, 0x35756000, 0x35780000)
    ro space 10240K,  42% used [0x387c0000, 0x38c04240, 0x38c04400, 0x391c0000)
    rw space 12288K,  54% used [0x391c0000, 0x39844d58, 0x39844e00, 0x39dc0000)

Card table byte_map: [0x00670000,0x00720000] byte_map_base: 0x0054c200

Polling page: 0x001f0000

Code Cache  [0x02660000, 0x02b18000, 0x04660000)
 total_blobs=2619 nmethods=2428 adapters=124 free_code_cache=27942Kb largest_free_block=28611456

Compilation events (10 events):
Event: 28.455 Thread 0x00c6d000 2438   !         org.apache.poi.xssf.usermodel.XSSFFactory::createDocumentPart (126 bytes)
Event: 28.456 Thread 0x00c6d000 nmethod 2438 0x02b120c8 code [0x02b122b0, 0x02b12a44]
Event: 28.456 Thread 0x00c6d000 2439             org.apache.poi.xssf.usermodel.XSSFRelation::getInstance (13 bytes)
Event: 28.456 Thread 0x00c6d000 nmethod 2439 0x02b13308 code [0x02b13410, 0x02b134cc]
Event: 28.473 Thread 0x00c6d000 2440             sun.misc.FloatingDecimal::developLongDigits (380 bytes)
Event: 28.474 Thread 0x00c6d000 nmethod 2440 0x02b13548 code [0x02b13720, 0x02b140b4]
Event: 28.517 Thread 0x00c6d000 2441             org.apache.xmlbeans.impl.store.Cursor::_currentTokenType (132 bytes)
Event: 28.518 Thread 0x00c6d000 nmethod 2441 0x02b14dc8 code [0x02b14f30, 0x02b15248]
Event: 28.525 Thread 0x00c6d000 2442             java.util.TreeMap::fixAfterDeletion (351 bytes)
Event: 28.526 Thread 0x00c6d000 nmethod 2442 0x02b15448 code [0x02b15650, 0x02b15e68]

GC Heap History (10 events):
Event: 26.241 GC heap after
Heap after GC invocations=81 (full 7):
 def new generation   total 28992K, used 73K [0x247c0000, 0x26730000, 0x29d10000)
  eden space 25792K,   0% used [0x247c0000, 0x247c0000, 0x260f0000)
  from space 3200K,   2% used [0x260f0000, 0x26102538, 0x26410000)
  to   space 3200K,   0% used [0x26410000, 0x26410000, 0x26730000)
 tenured generation   total 64332K, used 40139K [0x29d10000, 0x2dbe3000, 0x347c0000)
   the space 64332K,  62% used [0x29d10000, 0x2c442ee8, 0x2c443000, 0x2dbe3000)
 compacting perm gen  total 16128K, used 15959K [0x347c0000, 0x35780000, 0x387c0000)
   the space 16128K,  98% used [0x347c0000, 0x35755ec0, 0x35756000, 0x35780000)
    ro space 10240K,  42% used [0x387c0000, 0x38c04240, 0x38c04400, 0x391c0000)
    rw space 12288K,  54% used [0x391c0000, 0x39844d58, 0x39844e00, 0x39dc0000)
}
Event: 26.420 GC heap before
{Heap before GC invocations=81 (full 7):
 def new generation   total 28992K, used 25865K [0x247c0000, 0x26730000, 0x29d10000)
  eden space 25792K, 100% used [0x247c0000, 0x260f0000, 0x260f0000)
  from space 3200K,   2% used [0x260f0000, 0x26102538, 0x26410000)
  to   space 3200K,   0% used [0x26410000, 0x26410000, 0x26730000)
 tenured generation   total 64332K, used 40139K [0x29d10000, 0x2dbe3000, 0x347c0000)
   the space 64332K,  62% used [0x29d10000, 0x2c442ee8, 0x2c443000, 0x2dbe3000)
 compacting perm gen  total 16128K, used 15959K [0x347c0000, 0x35780000, 0x387c0000)
   the space 16128K,  98% used [0x347c0000, 0x35755ee0, 0x35756000, 0x35780000)
    ro space 10240K,  42% used [0x387c0000, 0x38c04240, 0x38c04400, 0x391c0000)
    rw space 12288K,  54% used [0x391c0000, 0x39844d58, 0x39844e00, 0x39dc0000)
Event: 26.421 GC heap after
Heap after GC invocations=82 (full 7):
 def new generation   total 28992K, used 69K [0x247c0000, 0x26730000, 0x29d10000)
  eden space 25792K,   0% used [0x247c0000, 0x247c0000, 0x260f0000)
  from space 3200K,   2% used [0x26410000, 0x26421688, 0x26730000)
  to   space 3200K,   0% used [0x260f0000, 0x260f0000, 0x26410000)
 tenured generation   total 64332K, used 40139K [0x29d10000, 0x2dbe3000, 0x347c0000)
   the space 64332K,  62% used [0x29d10000, 0x2c442ee8, 0x2c443000, 0x2dbe3000)
 compacting perm gen  total 16128K, used 15959K [0x347c0000, 0x35780000, 0x387c0000)
   the space 16128K,  98% used [0x347c0000, 0x35755ee0, 0x35756000, 0x35780000)
    ro space 10240K,  42% used [0x387c0000, 0x38c04240, 0x38c04400, 0x391c0000)
    rw space 12288K,  54% used [0x391c0000, 0x39844d58, 0x39844e00, 0x39dc0000)
}
Event: 26.544 GC heap before
{Heap before GC invocations=82 (full 7):
 def new generation   total 28992K, used 25861K [0x247c0000, 0x26730000, 0x29d10000)
  eden space 25792K, 100% used [0x247c0000, 0x260f0000, 0x260f0000)
  from space 3200K,   2% used [0x26410000, 0x26421688, 0x26730000)
  to   space 3200K,   0% used [0x260f0000, 0x260f0000, 0x26410000)
 tenured generation   total 64332K, used 40139K [0x29d10000, 0x2dbe3000, 0x347c0000)
   the space 64332K,  62% used [0x29d10000, 0x2c442ee8, 0x2c443000, 0x2dbe3000)
 compacting perm gen  total 16128K, used 15959K [0x347c0000, 0x35780000, 0x387c0000)
   the space 16128K,  98% used [0x347c0000, 0x35755f00, 0x35756000, 0x35780000)
    ro space 10240K,  42% used [0x387c0000, 0x38c04240, 0x38c04400, 0x391c0000)
    rw space 12288K,  54% used [0x391c0000, 0x39844d58, 0x39844e00, 0x39dc0000)
Event: 26.545 GC heap after
Heap after GC invocations=83 (full 7):
 def new generation   total 28992K, used 69K [0x247c0000, 0x26730000, 0x29d10000)
  eden space 25792K,   0% used [0x247c0000, 0x247c0000, 0x260f0000)
  from space 3200K,   2% used [0x260f0000, 0x261016f0, 0x26410000)
  to   space 3200K,   0% used [0x26410000, 0x26410000, 0x26730000)
 tenured generation   total 64332K, used 40139K [0x29d10000, 0x2dbe3000, 0x347c0000)
   the space 64332K,  62% used [0x29d10000, 0x2c442ee8, 0x2c443000, 0x2dbe3000)
 compacting perm gen  total 16128K, used 15959K [0x347c0000, 0x35780000, 0x387c0000)
   the space 16128K,  98% used [0x347c0000, 0x35755f00, 0x35756000, 0x35780000)
    ro space 10240K,  42% used [0x387c0000, 0x38c04240, 0x38c04400, 0x391c0000)
    rw space 12288K,  54% used [0x391c0000, 0x39844d58, 0x39844e00, 0x39dc0000)
}
Event: 28.343 GC heap before
{Heap before GC invocations=83 (full 7):
 def new generation   total 28992K, used 25861K [0x247c0000, 0x26730000, 0x29d10000)
  eden space 25792K, 100% used [0x247c0000, 0x260f0000, 0x260f0000)
  from space 3200K,   2% used [0x260f0000, 0x261016f0, 0x26410000)
  to   space 3200K,   0% used [0x26410000, 0x26410000, 0x26730000)
 tenured generation   total 64332K, used 40139K [0x29d10000, 0x2dbe3000, 0x347c0000)
   the space 64332K,  62% used [0x29d10000, 0x2c442ee8, 0x2c443000, 0x2dbe3000)
 compacting perm gen  total 16128K, used 15959K [0x347c0000, 0x35780000, 0x387c0000)
   the space 16128K,  98% used [0x347c0000, 0x35755f00, 0x35756000, 0x35780000)
    ro space 10240K,  42% used [0x387c0000, 0x38c04240, 0x38c04400, 0x391c0000)
    rw space 12288K,  54% used [0x391c0000, 0x39844d58, 0x39844e00, 0x39dc0000)
Event: 28.346 GC heap after
Heap after GC invocations=84 (full 7):
 def new generation   total 28992K, used 1743K [0x247c0000, 0x26730000, 0x29d10000)
  eden space 25792K,   0% used [0x247c0000, 0x247c0000, 0x260f0000)
  from space 3200K,  54% used [0x26410000, 0x265c3f10, 0x26730000)
  to   space 3200K,   0% used [0x260f0000, 0x260f0000, 0x26410000)
 tenured generation   total 64332K, used 40139K [0x29d10000, 0x2dbe3000, 0x347c0000)
   the space 64332K,  62% used [0x29d10000, 0x2c442ee8, 0x2c443000, 0x2dbe3000)
 compacting perm gen  total 16128K, used 15959K [0x347c0000, 0x35780000, 0x387c0000)
   the space 16128K,  98% used [0x347c0000, 0x35755f00, 0x35756000, 0x35780000)
    ro space 10240K,  42% used [0x387c0000, 0x38c04240, 0x38c04400, 0x391c0000)
    rw space 12288K,  54% used [0x391c0000, 0x39844d58, 0x39844e00, 0x39dc0000)
}
Event: 28.428 GC heap before
{Heap before GC invocations=84 (full 7):
 def new generation   total 28992K, used 27535K [0x247c0000, 0x26730000, 0x29d10000)
  eden space 25792K, 100% used [0x247c0000, 0x260f0000, 0x260f0000)
  from space 3200K,  54% used [0x26410000, 0x265c3f10, 0x26730000)
  to   space 3200K,   0% used [0x260f0000, 0x260f0000, 0x26410000)
 tenured generation   total 64332K, used 40139K [0x29d10000, 0x2dbe3000, 0x347c0000)
   the space 64332K,  62% used [0x29d10000, 0x2c442ee8, 0x2c443000, 0x2dbe3000)
 compacting perm gen  total 16128K, used 15959K [0x347c0000, 0x35780000, 0x387c0000)
   the space 16128K,  98% used [0x347c0000, 0x35755f20, 0x35756000, 0x35780000)
    ro space 10240K,  42% used [0x387c0000, 0x38c04240, 0x38c04400, 0x391c0000)
    rw space 12288K,  54% used [0x391c0000, 0x39844d58, 0x39844e00, 0x39dc0000)
Event: 28.440 GC heap after
Heap after GC invocations=85 (full 7):
 def new generation   total 28992K, used 3200K [0x247c0000, 0x26730000, 0x29d10000)
  eden space 25792K,   0% used [0x247c0000, 0x247c0000, 0x260f0000)
  from space 3200K, 100% used [0x260f0000, 0x26410000, 0x26410000)
  to   space 3200K,   0% used [0x26410000, 0x26410000, 0x26730000)
 tenured generation   total 64332K, used 45836K [0x29d10000, 0x2dbe3000, 0x347c0000)
   the space 64332K,  71% used [0x29d10000, 0x2c9d3398, 0x2c9d3400, 0x2dbe3000)
 compacting perm gen  total 16128K, used 15959K [0x347c0000, 0x35780000, 0x387c0000)
   the space 16128K,  98% used [0x347c0000, 0x35755f20, 0x35756000, 0x35780000)
    ro space 10240K,  42% used [0x387c0000, 0x38c04240, 0x38c04400, 0x391c0000)
    rw space 12288K,  54% used [0x391c0000, 0x39844d58, 0x39844e00, 0x39dc0000)
}
Event: 28.551 GC heap before
{Heap before GC invocations=85 (full 7):
 def new generation   total 28992K, used 28992K [0x247c0000, 0x26730000, 0x29d10000)
  eden space 25792K, 100% used [0x247c0000, 0x260f0000, 0x260f0000)
  from space 3200K, 100% used [0x260f0000, 0x26410000, 0x26410000)
  to   space 3200K,   0% used [0x26410000, 0x26410000, 0x26730000)
 tenured generation   total 64332K, used 45836K [0x29d10000, 0x2dbe3000, 0x347c0000)
   the space 64332K,  71% used [0x29d10000, 0x2c9d3398, 0x2c9d3400, 0x2dbe3000)
 compacting perm gen  total 16128K, used 15959K [0x347c0000, 0x35780000, 0x387c0000)
   the space 16128K,  98% used [0x347c0000, 0x35755f20, 0x35756000, 0x35780000)
    ro space 10240K,  42% used [0x387c0000, 0x38c04240, 0x38c04400, 0x391c0000)
    rw space 12288K,  54% used [0x391c0000, 0x39844d58, 0x39844e00, 0x39dc0000)

Deoptimization events (0 events):
No events

Internal exceptions (10 events):
Event: 15.161 Thread 0x0024b000 Threw 0x24fd47a0 at C:\jdk7u2_32P\jdk7u25\hotspot\src\share\vm\prims\jvm.cpp:1235
Event: 15.161 Thread 0x0024b000 Threw 0x24fdbf40 at C:\jdk7u2_32P\jdk7u25\hotspot\src\share\vm\prims\jvm.cpp:1235
Event: 15.161 Thread 0x0024b000 Threw 0x24fe19e8 at C:\jdk7u2_32P\jdk7u25\hotspot\src\share\vm\prims\jvm.cpp:1235
Event: 15.163 Thread 0x0024b000 Threw 0x24ff4560 at C:\jdk7u2_32P\jdk7u25\hotspot\src\share\vm\prims\jvm.cpp:1235
Event: 15.163 Thread 0x0024b000 Threw 0x24ff8dc8 at C:\jdk7u2_32P\jdk7u25\hotspot\src\share\vm\prims\jvm.cpp:1235
Event: 15.164 Thread 0x0024b000 Threw 0x250240f8 at C:\jdk7u2_32P\jdk7u25\hotspot\src\share\vm\prims\jvm.cpp:1235
Event: 15.165 Thread 0x0024b000 Threw 0x2502bdc8 at C:\jdk7u2_32P\jdk7u25\hotspot\src\share\vm\prims\jvm.cpp:1235
Event: 15.166 Thread 0x0024b000 Threw 0x25033a80 at C:\jdk7u2_32P\jdk7u25\hotspot\src\share\vm\prims\jvm.cpp:1235
Event: 15.166 Thread 0x0024b000 Threw 0x25037b60 at C:\jdk7u2_32P\jdk7u25\hotspot\src\share\vm\prims\jvm.cpp:1235
Event: 15.167 Thread 0x0024b000 Threw 0x2503dc50 at C:\jdk7u2_32P\jdk7u25\hotspot\src\share\vm\prims\jvm.cpp:1235

Events (10 events):
Event: 26.545 Executing VM operation: GenCollectForAllocation done
Event: 28.343 Executing VM operation: GenCollectForAllocation
Event: 28.346 Executing VM operation: GenCollectForAllocation done
Event: 28.346 Executing VM operation: RevokeBias
Event: 28.346 Executing VM operation: RevokeBias done
Event: 28.428 Executing VM operation: GenCollectForAllocation
Event: 28.440 Executing VM operation: GenCollectForAllocation done
Event: 28.440 Executing VM operation: RevokeBias
Event: 28.441 Executing VM operation: RevokeBias done
Event: 28.551 Executing VM operation: GenCollectForAllocation


Dynamic libraries:
0x01230000 - 0x0125f000 	C:\Program Files (x86)\Java\jre7\bin\javaw.exe
0x77e00000 - 0x77f80000 	C:\Windows\SysWOW64\ntdll.dll
0x762f0000 - 0x76400000 	C:\Windows\syswow64\kernel32.dll
0x75a90000 - 0x75ad7000 	C:\Windows\syswow64\KERNELBASE.dll
0x751c0000 - 0x7522e000 	C:\Windows\SysWOW64\SYSFER.DLL
0x75c40000 - 0x75ce1000 	C:\Windows\syswow64\ADVAPI32.dll
0x75d30000 - 0x75ddc000 	C:\Windows\syswow64\msvcrt.dll
0x76180000 - 0x76199000 	C:\Windows\SysWOW64\sechost.dll
0x76880000 - 0x76970000 	C:\Windows\syswow64\RPCRT4.dll
0x756a0000 - 0x75700000 	C:\Windows\syswow64\SspiCli.dll
0x75690000 - 0x7569c000 	C:\Windows\syswow64\CRYPTBASE.dll
0x75b40000 - 0x75c40000 	C:\Windows\syswow64\USER32.dll
0x764d0000 - 0x76560000 	C:\Windows\syswow64\GDI32.dll
0x76820000 - 0x7682a000 	C:\Windows\syswow64\LPK.dll
0x75700000 - 0x7579d000 	C:\Windows\syswow64\USP10.dll
0x74ed0000 - 0x7506e000 	C:\Windows\WinSxS\x86_microsoft.windows.common-controls_6595b64144ccf1df_6.0.7601.18837_none_41e855142bd5705d\COMCTL32.dll
0x767c0000 - 0x76817000 	C:\Windows\syswow64\SHLWAPI.dll
0x76970000 - 0x769d0000 	C:\Windows\system32\IMM32.DLL
0x76400000 - 0x764cd000 	C:\Windows\syswow64\MSCTF.dll
0x612b0000 - 0x6136e000 	C:\Program Files (x86)\Java\jre7\bin\msvcr100.dll
0x646b0000 - 0x649f2000 	C:\Program Files (x86)\Java\jre7\bin\client\jvm.dll
0x75100000 - 0x75107000 	C:\Windows\system32\WSOCK32.dll
0x76830000 - 0x76865000 	C:\Windows\syswow64\WS2_32.dll
0x76170000 - 0x76176000 	C:\Windows\syswow64\NSI.dll
0x74aa0000 - 0x74ad2000 	C:\Windows\system32\WINMM.dll
0x757a0000 - 0x757a5000 	C:\Windows\syswow64\PSAPI.DLL
0x706b0000 - 0x706bc000 	C:\Program Files (x86)\Java\jre7\bin\verify.dll
0x70690000 - 0x706b0000 	C:\Program Files (x86)\Java\jre7\bin\java.dll
0x64e50000 - 0x64e63000 	C:\Program Files (x86)\Java\jre7\bin\zip.dll
0x64b40000 - 0x64b54000 	C:\Program Files (x86)\Java\jre7\bin\net.dll
0x74260000 - 0x7429c000 	C:\Windows\system32\mswsock.dll
0x73920000 - 0x73926000 	C:\Windows\System32\wship6.dll
0x74200000 - 0x74205000 	C:\Windows\System32\wshtcpip.dll
0x74210000 - 0x74254000 	C:\Windows\system32\DNSAPI.dll
0x74410000 - 0x7442c000 	C:\Windows\system32\IPHLPAPI.DLL
0x74400000 - 0x74407000 	C:\Windows\system32\WINNSI.DLL
0x741a0000 - 0x741a6000 	C:\Windows\system32\rasadhlp.dll
0x741b0000 - 0x741e8000 	C:\Windows\System32\fwpuclnt.dll
0x729b0000 - 0x729c7000 	C:\Windows\system32\CRYPTSP.dll
0x72970000 - 0x729ab000 	C:\Windows\system32\rsaenh.dll
0x75b20000 - 0x75b37000 	C:\Windows\syswow64\USERENV.dll
0x76130000 - 0x7613b000 	C:\Windows\syswow64\profapi.dll
0x74910000 - 0x74920000 	C:\Windows\system32\NLAapi.dll
0x74900000 - 0x74910000 	C:\Windows\system32\napinsp.dll
0x748e0000 - 0x748f2000 	C:\Windows\system32\pnrpnsp.dll
0x741f0000 - 0x741f8000 	C:\Windows\System32\winrnr.dll
0x70680000 - 0x7068f000 	C:\Program Files (x86)\Java\jre7\bin\nio.dll
0x750b0000 - 0x750fc000 	C:\Windows\system32\apphelp.dll
0x5e990000 - 0x5e9b0000 	C:\Program Files (x86)\Java\jre7\bin\sunec.dll
0x6f8a0000 - 0x6f8a9000 	C:\Program Files (x86)\Java\jre7\bin\sunmscapi.dll
0x77750000 - 0x77871000 	C:\Windows\syswow64\CRYPT32.dll
0x77dd0000 - 0x77ddc000 	C:\Windows\syswow64\MSASN1.dll
0x60ba0000 - 0x60c8b000 	C:\Windows\system32\dbghelp.dll

VM Arguments:
jvm_args: -ea -Dfile.encoding=Cp1252 
java_command: org.testng.remote.RemoteTestNG -serport 61015 -d D:\DataDriven_WS\DataDrivenFramework\test-output C:\Users\10617348\AppData\Local\Temp\testng-eclipse--962288362\testng-customsuite.xml
Launcher Type: SUN_STANDARD

Environment Variables:
PATH=C:/Program Files (x86)/Java/jre7/bin/client;C:/Program Files (x86)/Java/jre7/bin;C:/Program Files (x86)/Java/jre7/lib/i386;C:\Program Files\Common Files\Microsoft Shared\Microsoft Online Services;C:\Program Files (x86)\Common Files\Microsoft Shared\Microsoft Online Services;C:\Windows\system32;C:\Windows;C:\Windows\System32\Wbem;C:\Windows\System32\WindowsPowerShell\v1.0\;C:\Program Files\TortoiseSVN\bin;C:\Program Files (x86)\WebEx\Productivity Tools;D:\Eclipse Mars;
USERNAME=10617348
OS=Windows_NT
PROCESSOR_IDENTIFIER=Intel64 Family 6 Model 58 Stepping 9, GenuineIntel



---------------  S Y S T E M  ---------------

OS: Windows 7 , 64 bit Build 7601 Service Pack 1

CPU:total 4 (4 cores per cpu, 1 threads per core) family 6 model 58 stepping 9, cmov, cx8, fxsr, mmx, sse, sse2, sse3, ssse3, sse4.1, sse4.2, popcnt, avx, tsc, tscinvbit, tscinv

Memory: 4k page, physical 16592696k(12334092k free), swap 33183532k(28865008k free)

vm_info: Java HotSpot(TM) Client VM (23.25-b01) for windows-x86 JRE (1.7.0_25-b17), built on Jun 21 2013 13:06:48 by "java_re" with unknown MS VC++:1600

time: Thu Jan 04 19:02:10 2018
elapsed time: 28 seconds

