#
# A fatal error has been detected by the Java Runtime Environment:
#
#  EXCEPTION_ACCESS_VIOLATION (0xc0000005) at pc=0x6e0f63b9, pid=10084, tid=8336
#
# JRE version: 7.0_25-b17
# Java VM: Java HotSpot(TM) Client VM (23.25-b01 mixed mode windows-x86 )
# Problematic frame:
# V  [jvm.dll+0x763b9]
#
# Failed to write core dump. Minidumps are not enabled by default on client versions of Windows
#
# If you would like to submit a bug report, please visit:
#   http://bugreport.sun.com/bugreport/crash.jsp
#

---------------  T H R E A D  ---------------

Current thread (0x18656800):  VMThread [stack: 0x188e0000,0x18930000] [id=8336]

siginfo: ExceptionCode=0xc0000005, reading address 0x00000068

Registers:
EAX=0x00000006, EBX=0x00000001, ECX=0x00000136, EDX=0x00000000
ESP=0x1892f5f8, EBP=0x1892f5f8, ESI=0x14e24b98, EDI=0x00000136
EIP=0x6e0f63b9, EFLAGS=0x00010202

Top of Stack: (sp=0x1892f5f8)
0x1892f5f8:   1892f60c 6e0f640e 14e24b98 14be1e50
0x1892f608:   14c25638 1892f620 6e1188a9 00000003
0x1892f618:   00000003 000003fe 1892f640 6e1ed502
0x1892f628:   14c25638 6e370630 09bb2698 00a30228
0x1892f638:   1892f64c 6e1ed93b 1892f64c 6e1ed941
0x1892f648:   6e370630 1892f660 6e0f2876 00000003
0x1892f658:   6e370630 00a30228 1892f67c 6e0eec44
0x1892f668:   6e370630 00000000 6e370630 6e370630 

Instructions: (pc=0x6e0f63b9)
0x6e0f6399:   ff 75 06 33 c0 5d c2 04 00 b8 01 00 00 00 5d c2
0x6e0f63a9:   04 00 83 e0 07 83 f8 05 74 1e 8b 55 08 8b 52 04
0x6e0f63b9:   8b 52 68 83 e2 07 80 fa 05 74 13 83 f8 01 75 0e
0x6e0f63c9:   f7 c1 80 ff ff ff 75 06 32 c0 5d c2 04 00 b0 01 


Register to memory mapping:

EAX=0x00000006 is an unknown value
EBX=0x00000001 is an unknown value
ECX=0x00000136 is an unknown value
EDX=0x00000000 is an unknown value
ESP=0x1892f5f8 is an unknown value
EBP=0x1892f5f8 is an unknown value
ESI=0x14e24b98 is an oop
{constant pool cache} 
 - klass: {other class}
EDI=0x00000136 is an unknown value


Stack: [0x188e0000,0x18930000],  sp=0x1892f5f8,  free space=317k
Native frames: (J=compiled Java code, j=interpreted, Vv=VM code, C=native code)
V  [jvm.dll+0x763b9]
V  [jvm.dll+0x7640e]
V  [jvm.dll+0x988a9]
V  [jvm.dll+0x16d502]
V  [jvm.dll+0x16d941]
V  [jvm.dll+0x72876]
V  [jvm.dll+0x6ec44]
V  [jvm.dll+0x68cff]
V  [jvm.dll+0x6ab6f]
V  [jvm.dll+0x6b020]
V  [jvm.dll+0x69b37]
V  [jvm.dll+0x71363]
V  [jvm.dll+0x68742]
V  [jvm.dll+0x5fdd3]
V  [jvm.dll+0x16ff76]
V  [jvm.dll+0x149235]
V  [jvm.dll+0x1483ae]
V  [jvm.dll+0x148737]
V  [jvm.dll+0x148c02]
V  [jvm.dll+0x177bb9]
C  [msvcr100.dll+0x5c6de]  endthreadex+0x3a
C  [msvcr100.dll+0x5c788]  endthreadex+0xe4
C  [kernel32.dll+0x1336a]  BaseThreadInitThunk+0x12
C  [ntdll.dll+0x398f2]  RtlInitializeExceptionChain+0x63
C  [ntdll.dll+0x398c5]  RtlInitializeExceptionChain+0x36

VM_Operation (0x0092e250): GenCollectForAllocation, mode: safepoint, requested by thread 0x00bab400


---------------  P R O C E S S  ---------------

Java Threads: ( => current thread )
  0x1a43fc00 JavaThread "UrlChecker-2" daemon [_thread_blocked, id=9204, stack(0x00bc0000,0x00c10000)]
  0x1a43f400 JavaThread "Exec Stream Pumper" daemon [_thread_in_native, id=9876, stack(0x1b460000,0x1b4b0000)]
  0x1a45d800 JavaThread "Exec Stream Pumper" daemon [_thread_in_native, id=9936, stack(0x1b300000,0x1b350000)]
  0x1a43e400 JavaThread "Exec Default Executor" daemon [_thread_in_native, id=7632, stack(0x1b370000,0x1b3c0000)]
  0x196a1800 JavaThread "ReaderThread" [_thread_in_native, id=7848, stack(0x19aa0000,0x19af0000)]
  0x186e4800 JavaThread "Service Thread" daemon [_thread_blocked, id=9792, stack(0x02540000,0x02590000)]
  0x186e2000 JavaThread "C1 CompilerThread0" daemon [_thread_blocked, id=9416, stack(0x19490000,0x194e0000)]
  0x186d0000 JavaThread "JDWP Command Reader" daemon [_thread_in_native, id=8504, stack(0x19390000,0x193e0000)]
  0x186ca000 JavaThread "JDWP Event Helper Thread" daemon [_thread_blocked, id=4636, stack(0x00890000,0x008e0000)]
  0x186c1c00 JavaThread "JDWP Transport Listener: dt_socket" daemon [_thread_blocked, id=8340, stack(0x18850000,0x188a0000)]
  0x186bb400 JavaThread "Attach Listener" daemon [_thread_blocked, id=7692, stack(0x18b90000,0x18be0000)]
  0x186b8000 JavaThread "Signal Dispatcher" daemon [_thread_blocked, id=8308, stack(0x18a40000,0x18a90000)]
  0x1865fc00 JavaThread "Finalizer" daemon [_thread_blocked, id=8540, stack(0x189d0000,0x18a20000)]
  0x1865b000 JavaThread "Reference Handler" daemon [_thread_blocked, id=7940, stack(0x024e0000,0x02530000)]
  0x00bab400 JavaThread "main" [_thread_blocked, id=7332, stack(0x008e0000,0x00930000)]

Other Threads:
=>0x18656800 VMThread [stack: 0x188e0000,0x18930000] [id=8336]
  0x186f5c00 WatcherThread [stack: 0x195a0000,0x195f0000] [id=10156]

VM state:at safepoint (normal execution)

VM Mutex/Monitor currently owned by a thread:  ([mutex/lock_event])
[0x00ba9968] Threads_lock - owner thread: 0x18656800
[0x00ba9d78] Heap_lock - owner thread: 0x00bab400

Heap
 def new generation   total 18816K, used 2048K [0x04650000, 0x05ab0000, 0x09ba0000)
  eden space 16768K,   0% used [0x04650000, 0x04650000, 0x056b0000)
  from space 2048K, 100% used [0x056b0000, 0x058b0000, 0x058b0000)
  to   space 2048K,   0% used [0x058b0000, 0x058b0000, 0x05ab0000)
 tenured generation   total 44212K, used 44151K [0x09ba0000, 0x0c6cd000, 0x14650000)
   the space 44212K,  99% used [0x09ba0000, 0x0c6bde28, 0x0c6be000, 0x0c6cd000)
 compacting perm gen  total 19456K, used 19346K [0x14650000, 0x15950000, 0x18650000)
   the space 19456K,  99% used [0x14650000, 0x15934b50, 0x15934c00, 0x15950000)
No shared spaces configured.

Card table byte_map: [0x02430000,0x024e0000] byte_map_base: 0x0240cd80

Polling page: 0x00300000

Code Cache  [0x02650000, 0x02aa0000, 0x04650000)
 total_blobs=2230 nmethods=2048 adapters=124 free_code_cache=28375Kb largest_free_block=29055232

Compilation events (10 events):
Event: 20.106 Thread 0x186e2000 2058   !         org.apache.poi.openxml4j.opc.ZipPackage::getPartsImpl (445 bytes)
Event: 20.109 Thread 0x186e2000 nmethod 2058 0x02a959c8 code [0x02a95df0, 0x02a9730c]
Event: 20.110 Thread 0x186e2000 2059             org.dom4j.tree.AbstractElement::createAttributeList (9 bytes)
Event: 20.110 Thread 0x186e2000 nmethod 2059 0x02a99108 code [0x02a99210, 0x02a992fc]
Event: 20.110 Thread 0x186e2000 2060             org.dom4j.tree.NamespaceStack::pushQName (26 bytes)
Event: 20.110 Thread 0x186e2000 nmethod 2060 0x02a99388 code [0x02a99490, 0x02a9957c]
Event: 20.110 Thread 0x186e2000 2061             org.dom4j.tree.NamespaceStack::createQName (10 bytes)
Event: 20.110 Thread 0x186e2000 nmethod 2061 0x02a99708 code [0x02a99810, 0x02a998cc]
Event: 20.112 Thread 0x186e2000 2062   !         org.apache.poi.openxml4j.opc.ZipPackage::buildPartName (65 bytes)
Event: 20.113 Thread 0x186e2000 nmethod 2062 0x02a999c8 code [0x02a99b90, 0x02a9a060]

GC Heap History (10 events):
Event: 19.655 GC heap after
Heap after GC invocations=69 (full 4):
 def new generation   total 18816K, used 1434K [0x04650000, 0x05ab0000, 0x09ba0000)
  eden space 16768K,   0% used [0x04650000, 0x04650000, 0x056b0000)
  from space 2048K,  70% used [0x058b0000, 0x05a169f0, 0x05ab0000)
  to   space 2048K,   0% used [0x056b0000, 0x056b0000, 0x058b0000)
 tenured generation   total 41652K, used 24989K [0x09ba0000, 0x0c44d000, 0x14650000)
   the space 41652K,  59% used [0x09ba0000, 0x0b4077c8, 0x0b407800, 0x0c44d000)
 compacting perm gen  total 19456K, used 19346K [0x14650000, 0x15950000, 0x18650000)
   the space 19456K,  99% used [0x14650000, 0x15934b00, 0x15934c00, 0x15950000)
No shared spaces configured.
}
Event: 19.728 GC heap before
{Heap before GC invocations=69 (full 4):
 def new generation   total 18816K, used 18202K [0x04650000, 0x05ab0000, 0x09ba0000)
  eden space 16768K, 100% used [0x04650000, 0x056b0000, 0x056b0000)
  from space 2048K,  70% used [0x058b0000, 0x05a169f0, 0x05ab0000)
  to   space 2048K,   0% used [0x056b0000, 0x056b0000, 0x058b0000)
 tenured generation   total 41652K, used 24989K [0x09ba0000, 0x0c44d000, 0x14650000)
   the space 41652K,  59% used [0x09ba0000, 0x0b4077c8, 0x0b407800, 0x0c44d000)
 compacting perm gen  total 19456K, used 19346K [0x14650000, 0x15950000, 0x18650000)
   the space 19456K,  99% used [0x14650000, 0x15934b00, 0x15934c00, 0x15950000)
No shared spaces configured.
Event: 19.738 GC heap after
Heap after GC invocations=70 (full 4):
 def new generation   total 18816K, used 2048K [0x04650000, 0x05ab0000, 0x09ba0000)
  eden space 16768K,   0% used [0x04650000, 0x04650000, 0x056b0000)
  from space 2048K, 100% used [0x056b0000, 0x058b0000, 0x058b0000)
  to   space 2048K,   0% used [0x058b0000, 0x058b0000, 0x05ab0000)
 tenured generation   total 41652K, used 29832K [0x09ba0000, 0x0c44d000, 0x14650000)
   the space 41652K,  71% used [0x09ba0000, 0x0b8c20d8, 0x0b8c2200, 0x0c44d000)
 compacting perm gen  total 19456K, used 19346K [0x14650000, 0x15950000, 0x18650000)
   the space 19456K,  99% used [0x14650000, 0x15934b00, 0x15934c00, 0x15950000)
No shared spaces configured.
}
Event: 19.776 GC heap before
{Heap before GC invocations=70 (full 4):
 def new generation   total 18816K, used 18816K [0x04650000, 0x05ab0000, 0x09ba0000)
  eden space 16768K, 100% used [0x04650000, 0x056b0000, 0x056b0000)
  from space 2048K, 100% used [0x056b0000, 0x058b0000, 0x058b0000)
  to   space 2048K,   0% used [0x058b0000, 0x058b0000, 0x05ab0000)
 tenured generation   total 41652K, used 29832K [0x09ba0000, 0x0c44d000, 0x14650000)
   the space 41652K,  71% used [0x09ba0000, 0x0b8c20d8, 0x0b8c2200, 0x0c44d000)
 compacting perm gen  total 19456K, used 19346K [0x14650000, 0x15950000, 0x18650000)
   the space 19456K,  99% used [0x14650000, 0x15934b00, 0x15934c00, 0x15950000)
No shared spaces configured.
Event: 19.782 GC heap after
Heap after GC invocations=71 (full 4):
 def new generation   total 18816K, used 1142K [0x04650000, 0x05ab0000, 0x09ba0000)
  eden space 16768K,   0% used [0x04650000, 0x04650000, 0x056b0000)
  from space 2048K,  55% used [0x058b0000, 0x059cd830, 0x05ab0000)
  to   space 2048K,   0% used [0x056b0000, 0x056b0000, 0x058b0000)
 tenured generation   total 41652K, used 31857K [0x09ba0000, 0x0c44d000, 0x14650000)
   the space 41652K,  76% used [0x09ba0000, 0x0babc648, 0x0babc800, 0x0c44d000)
 compacting perm gen  total 19456K, used 19346K [0x14650000, 0x15950000, 0x18650000)
   the space 19456K,  99% used [0x14650000, 0x15934b00, 0x15934c00, 0x15950000)
No shared spaces configured.
}
Event: 19.982 GC heap before
{Heap before GC invocations=71 (full 4):
 def new generation   total 18816K, used 17910K [0x04650000, 0x05ab0000, 0x09ba0000)
  eden space 16768K, 100% used [0x04650000, 0x056b0000, 0x056b0000)
  from space 2048K,  55% used [0x058b0000, 0x059cd830, 0x05ab0000)
  to   space 2048K,   0% used [0x056b0000, 0x056b0000, 0x058b0000)
 tenured generation   total 41652K, used 31857K [0x09ba0000, 0x0c44d000, 0x14650000)
   the space 41652K,  76% used [0x09ba0000, 0x0babc648, 0x0babc800, 0x0c44d000)
 compacting perm gen  total 19456K, used 19346K [0x14650000, 0x15950000, 0x18650000)
   the space 19456K,  99% used [0x14650000, 0x15934b20, 0x15934c00, 0x15950000)
No shared spaces configured.
Event: 19.994 GC heap after
Heap after GC invocations=72 (full 4):
 def new generation   total 18816K, used 2048K [0x04650000, 0x05ab0000, 0x09ba0000)
  eden space 16768K,   0% used [0x04650000, 0x04650000, 0x056b0000)
  from space 2048K, 100% used [0x056b0000, 0x058b0000, 0x058b0000)
  to   space 2048K,   0% used [0x058b0000, 0x058b0000, 0x05ab0000)
 tenured generation   total 41652K, used 37052K [0x09ba0000, 0x0c44d000, 0x14650000)
   the space 41652K,  88% used [0x09ba0000, 0x0bfcf1a8, 0x0bfcf200, 0x0c44d000)
 compacting perm gen  total 19456K, used 19346K [0x14650000, 0x15950000, 0x18650000)
   the space 19456K,  99% used [0x14650000, 0x15934b20, 0x15934c00, 0x15950000)
No shared spaces configured.
}
Event: 20.047 GC heap before
{Heap before GC invocations=72 (full 4):
 def new generation   total 18816K, used 18816K [0x04650000, 0x05ab0000, 0x09ba0000)
  eden space 16768K, 100% used [0x04650000, 0x056b0000, 0x056b0000)
  from space 2048K, 100% used [0x056b0000, 0x058b0000, 0x058b0000)
  to   space 2048K,   0% used [0x058b0000, 0x058b0000, 0x05ab0000)
 tenured generation   total 41652K, used 37052K [0x09ba0000, 0x0c44d000, 0x14650000)
   the space 41652K,  88% used [0x09ba0000, 0x0bfcf1a8, 0x0bfcf200, 0x0c44d000)
 compacting perm gen  total 19456K, used 19346K [0x14650000, 0x15950000, 0x18650000)
   the space 19456K,  99% used [0x14650000, 0x15934b50, 0x15934c00, 0x15950000)
No shared spaces configured.
Event: 20.053 GC heap after
Heap after GC invocations=73 (full 4):
 def new generation   total 18816K, used 1646K [0x04650000, 0x05ab0000, 0x09ba0000)
  eden space 16768K,   0% used [0x04650000, 0x04650000, 0x056b0000)
  from space 2048K,  80% used [0x058b0000, 0x05a4b8e0, 0x05ab0000)
  to   space 2048K,   0% used [0x056b0000, 0x056b0000, 0x058b0000)
 tenured generation   total 41652K, used 39090K [0x09ba0000, 0x0c44d000, 0x14650000)
   the space 41652K,  93% used [0x09ba0000, 0x0c1cca10, 0x0c1ccc00, 0x0c44d000)
 compacting perm gen  total 19456K, used 19346K [0x14650000, 0x15950000, 0x18650000)
   the space 19456K,  99% used [0x14650000, 0x15934b50, 0x15934c00, 0x15950000)
No shared spaces configured.
}
Event: 20.117 GC heap before
{Heap before GC invocations=73 (full 4):
 def new generation   total 18816K, used 18414K [0x04650000, 0x05ab0000, 0x09ba0000)
  eden space 16768K, 100% used [0x04650000, 0x056b0000, 0x056b0000)
  from space 2048K,  80% used [0x058b0000, 0x05a4b8e0, 0x05ab0000)
  to   space 2048K,   0% used [0x056b0000, 0x056b0000, 0x058b0000)
 tenured generation   total 41652K, used 39090K [0x09ba0000, 0x0c44d000, 0x14650000)
   the space 41652K,  93% used [0x09ba0000, 0x0c1cca10, 0x0c1ccc00, 0x0c44d000)
 compacting perm gen  total 19456K, used 19346K [0x14650000, 0x15950000, 0x18650000)
   the space 19456K,  99% used [0x14650000, 0x15934b50, 0x15934c00, 0x15950000)
No shared spaces configured.

Deoptimization events (0 events):
No events

Internal exceptions (10 events):
Event: 19.414 Thread 0x00bab400 Threw 0x050c7970 at C:\jdk7u2_32P\jdk7u25\hotspot\src\share\vm\prims\jvm.cpp:1235
Event: 19.414 Thread 0x00bab400 Threw 0x050cf110 at C:\jdk7u2_32P\jdk7u25\hotspot\src\share\vm\prims\jvm.cpp:1235
Event: 19.415 Thread 0x00bab400 Threw 0x050d4bb8 at C:\jdk7u2_32P\jdk7u25\hotspot\src\share\vm\prims\jvm.cpp:1235
Event: 19.417 Thread 0x00bab400 Threw 0x050e7698 at C:\jdk7u2_32P\jdk7u25\hotspot\src\share\vm\prims\jvm.cpp:1235
Event: 19.417 Thread 0x00bab400 Threw 0x050ebf00 at C:\jdk7u2_32P\jdk7u25\hotspot\src\share\vm\prims\jvm.cpp:1235
Event: 19.419 Thread 0x00bab400 Threw 0x05107390 at C:\jdk7u2_32P\jdk7u25\hotspot\src\share\vm\prims\jvm.cpp:1235
Event: 19.419 Thread 0x00bab400 Threw 0x0510f060 at C:\jdk7u2_32P\jdk7u25\hotspot\src\share\vm\prims\jvm.cpp:1235
Event: 19.421 Thread 0x00bab400 Threw 0x05116d18 at C:\jdk7u2_32P\jdk7u25\hotspot\src\share\vm\prims\jvm.cpp:1235
Event: 19.421 Thread 0x00bab400 Threw 0x0511adf8 at C:\jdk7u2_32P\jdk7u25\hotspot\src\share\vm\prims\jvm.cpp:1235
Event: 19.422 Thread 0x00bab400 Threw 0x05120ee8 at C:\jdk7u2_32P\jdk7u25\hotspot\src\share\vm\prims\jvm.cpp:1235

Events (10 events):
Event: 20.116 Thread 0x00bab400 DEOPT UNPACKING pc=0x0267cdb9 sp=0x0092e020 mode 1
Event: 20.116 Thread 0x00bab400 DEOPT PACKING pc=0x028df290 sp=0x0092e210
Event: 20.116 Thread 0x00bab400 DEOPT UNPACKING pc=0x0267cdb9 sp=0x0092e104 mode 1
Event: 20.116 Thread 0x00bab400 DEOPT PACKING pc=0x02a5d750 sp=0x0092e210
Event: 20.116 Thread 0x00bab400 DEOPT UNPACKING pc=0x0267cdb9 sp=0x0092e140 mode 1
Event: 20.116 Thread 0x00bab400 DEOPT PACKING pc=0x02a51691 sp=0x0092e110
Event: 20.116 Thread 0x00bab400 DEOPT UNPACKING pc=0x0267cdb9 sp=0x0092dfe0 mode 1
Event: 20.116 Thread 0x00bab400 DEOPT PACKING pc=0x0280f0bc sp=0x0092e140
Event: 20.116 Thread 0x00bab400 DEOPT UNPACKING pc=0x0267cdb9 sp=0x0092e020 mode 1
Event: 20.117 Executing VM operation: GenCollectForAllocation


Dynamic libraries:
0x00c10000 - 0x00c3f000 	C:\Program Files (x86)\Java\jre7\bin\javaw.exe
0x775f0000 - 0x77770000 	C:\Windows\SysWOW64\ntdll.dll
0x76ce0000 - 0x76df0000 	C:\Windows\syswow64\kernel32.dll
0x75d30000 - 0x75d77000 	C:\Windows\syswow64\KERNELBASE.dll
0x749b0000 - 0x74a1e000 	C:\Windows\SysWOW64\SYSFER.DLL
0x75c30000 - 0x75cd1000 	C:\Windows\syswow64\ADVAPI32.dll
0x75d80000 - 0x75e2c000 	C:\Windows\syswow64\msvcrt.dll
0x762b0000 - 0x762c9000 	C:\Windows\SysWOW64\sechost.dll
0x770b0000 - 0x771a0000 	C:\Windows\syswow64\RPCRT4.dll
0x74e90000 - 0x74ef0000 	C:\Windows\syswow64\SspiCli.dll
0x74e80000 - 0x74e8c000 	C:\Windows\syswow64\CRYPTBASE.dll
0x76630000 - 0x76730000 	C:\Windows\syswow64\USER32.dll
0x76400000 - 0x76490000 	C:\Windows\syswow64\GDI32.dll
0x764a0000 - 0x764aa000 	C:\Windows\syswow64\LPK.dll
0x76730000 - 0x767cd000 	C:\Windows\syswow64\USP10.dll
0x746c0000 - 0x7485e000 	C:\Windows\WinSxS\x86_microsoft.windows.common-controls_6595b64144ccf1df_6.0.7601.18837_none_41e855142bd5705d\COMCTL32.dll
0x74ef0000 - 0x74f47000 	C:\Windows\syswow64\SHLWAPI.dll
0x77030000 - 0x77090000 	C:\Windows\system32\IMM32.DLL
0x76050000 - 0x7611d000 	C:\Windows\syswow64\MSCTF.dll
0x6e4e0000 - 0x6e59e000 	C:\Program Files (x86)\Java\jre7\bin\msvcr100.dll
0x6e080000 - 0x6e3c2000 	C:\Program Files (x86)\Java\jre7\bin\client\jvm.dll
0x748f0000 - 0x748f7000 	C:\Windows\system32\WSOCK32.dll
0x74f50000 - 0x74f85000 	C:\Windows\syswow64\WS2_32.dll
0x770a0000 - 0x770a6000 	C:\Windows\syswow64\NSI.dll
0x74290000 - 0x742c2000 	C:\Windows\system32\WINMM.dll
0x75ce0000 - 0x75ce5000 	C:\Windows\syswow64\PSAPI.DLL
0x6f000000 - 0x6f00c000 	C:\Program Files (x86)\Java\jre7\bin\verify.dll
0x6efe0000 - 0x6f000000 	C:\Program Files (x86)\Java\jre7\bin\java.dll
0x6e630000 - 0x6e65a000 	C:\Program Files (x86)\Java\jre7\bin\jdwp.dll
0x6f250000 - 0x6f257000 	C:\Program Files (x86)\Java\jre7\bin\npt.dll
0x6efa0000 - 0x6efb3000 	C:\Program Files (x86)\Java\jre7\bin\zip.dll
0x6e620000 - 0x6e628000 	C:\Program Files (x86)\Java\jre7\bin\dt_socket.dll
0x73bd0000 - 0x73be0000 	C:\Windows\system32\NLAapi.dll
0x73bc0000 - 0x73bd0000 	C:\Windows\system32\napinsp.dll
0x73ba0000 - 0x73bb2000 	C:\Windows\system32\pnrpnsp.dll
0x73e20000 - 0x73e5c000 	C:\Windows\System32\mswsock.dll
0x73c80000 - 0x73cc4000 	C:\Windows\system32\DNSAPI.dll
0x73b90000 - 0x73b98000 	C:\Windows\System32\winrnr.dll
0x73c60000 - 0x73c7c000 	C:\Windows\system32\IPHLPAPI.DLL
0x73c50000 - 0x73c57000 	C:\Windows\system32\WINNSI.DLL
0x73c00000 - 0x73c38000 	C:\Windows\System32\fwpuclnt.dll
0x73c40000 - 0x73c46000 	C:\Windows\system32\rasadhlp.dll
0x73ec0000 - 0x73ec5000 	C:\Windows\System32\wshtcpip.dll
0x6ef80000 - 0x6ef94000 	C:\Program Files (x86)\Java\jre7\bin\net.dll
0x73ed0000 - 0x73ed6000 	C:\Windows\System32\wship6.dll
0x71f10000 - 0x71f27000 	C:\Windows\system32\CRYPTSP.dll
0x71ed0000 - 0x71f0b000 	C:\Windows\system32\rsaenh.dll
0x75ee0000 - 0x75ef7000 	C:\Windows\syswow64\USERENV.dll
0x75cf0000 - 0x75cfb000 	C:\Windows\syswow64\profapi.dll
0x6f240000 - 0x6f24f000 	C:\Program Files (x86)\Java\jre7\bin\nio.dll
0x748a0000 - 0x748ec000 	C:\Windows\system32\apphelp.dll
0x73ee0000 - 0x73f00000 	C:\Program Files (x86)\Java\jre7\bin\sunec.dll
0x736d0000 - 0x736d9000 	C:\Program Files (x86)\Java\jre7\bin\sunmscapi.dll
0x762d0000 - 0x763f1000 	C:\Windows\syswow64\CRYPT32.dll
0x74f90000 - 0x74f9c000 	C:\Windows\syswow64\MSASN1.dll
0x5ca90000 - 0x5cb7b000 	C:\Windows\system32\dbghelp.dll

VM Arguments:
jvm_args: -agentlib:jdwp=transport=dt_socket,suspend=y,address=localhost:56297 -ea -Dfile.encoding=Cp1252 
java_command: org.testng.remote.RemoteTestNG -serport 56296 -d D:\DataDriven_WS\DataDrivenFramework\test-output C:\Users\10617348\AppData\Local\Temp\testng-eclipse--1702723302\testng-customsuite.xml
Launcher Type: SUN_STANDARD

Environment Variables:
PATH=C:/Program Files (x86)/Java/jre7/bin/client;C:/Program Files (x86)/Java/jre7/bin;C:/Program Files (x86)/Java/jre7/lib/i386;C:\Program Files\Common Files\Microsoft Shared\Microsoft Online Services;C:\Program Files (x86)\Common Files\Microsoft Shared\Microsoft Online Services;C:\Windows\system32;C:\Windows;C:\Windows\System32\Wbem;C:\Windows\System32\WindowsPowerShell\v1.0\;C:\Program Files\TortoiseSVN\bin;C:\Program Files (x86)\WebEx\Productivity Tools;D:\Eclipse Mars;
USERNAME=10617348
OS=Windows_NT
PROCESSOR_IDENTIFIER=Intel64 Family 6 Model 58 Stepping 9, GenuineIntel



---------------  S Y S T E M  ---------------

OS: Windows 7 , 64 bit Build 7601 Service Pack 1

CPU:total 4 (4 cores per cpu, 1 threads per core) family 6 model 58 stepping 9, cmov, cx8, fxsr, mmx, sse, sse2, sse3, ssse3, sse4.1, sse4.2, popcnt, avx, tsc, tscinvbit, tscinv

Memory: 4k page, physical 16592696k(11515560k free), swap 33183532k(28349152k free)

vm_info: Java HotSpot(TM) Client VM (23.25-b01) for windows-x86 JRE (1.7.0_25-b17), built on Jun 21 2013 13:06:48 by "java_re" with unknown MS VC++:1600

time: Thu Jan 04 14:33:04 2018
elapsed time: 20 seconds

