#
# A fatal error has been detected by the Java Runtime Environment:
#
#  EXCEPTION_ACCESS_VIOLATION (0xc0000005) at pc=0x647346d2, pid=4820, tid=7572
#
# JRE version: 7.0_25-b17
# Java VM: Java HotSpot(TM) Client VM (23.25-b01 mixed mode, sharing windows-x86 )
# Problematic frame:
# V  [jvm.dll+0x846d2]
#
# Failed to write core dump. Minidumps are not enabled by default on client versions of Windows
#
# If you would like to submit a bug report, please visit:
#   http://bugreport.sun.com/bugreport/crash.jsp
#

---------------  T H R E A D  ---------------

Current thread (0x023e1000):  VMThread [stack: 0x046f0000,0x04740000] [id=7572]

siginfo: ExceptionCode=0xc0000005, reading address 0x00200000

Registers:
EAX=0x00200000, EBX=0x34d44af0, ECX=0x0430c200, EDX=0x2bd42294
ESP=0x0473f144, EBP=0x0473f158, ESI=0x2bd42264, EDI=0x0473f244
EIP=0x647346d2, EFLAGS=0x00010287

Top of Stack: (sp=0x0473f144)
0x0473f144:   2bdd0970 2bd42240 0473f244 34d44b00
0x0473f154:   34d445e0 0473f178 64720913 2bd42240
0x0473f164:   2bd42294 00a8c4d0 0473f244 00a8fd2c
0x0473f174:   023546e8 0473f18c 64719e71 0473f244
0x0473f184:   00a8fcd0 00000001 0473f1a4 64717757
0x0473f194:   0473f244 00000000 00a8fcd0 0473f22c
0x0473f1a4:   0473f29c 64711df7 00000000 0473f26c
0x0473f1b4:   0473f244 02352a00 64712ed2 00a8fd28 

Instructions: (pc=0x647346d2)
0x647346b2:   8b 7d 0c 8b 33 03 75 08 8b 53 04 8d 14 96 89 55
0x647346c2:   0c 3b f2 73 6b 8b 06 85 c0 74 58 3b 47 20 73 53
0x647346d2:   8b 08 83 e1 03 80 f9 03 75 1e 8b 00 80 3d 4d 22
0x647346e2:   99 64 00 74 0e 8b c8 83 e1 07 80 f9 05 75 04 33 


Register to memory mapping:

EAX=0x00200000 is an unknown value
EBX=0x34d44af0 is an oop
{instance class} 
 - klass: {other class}
ECX=0x0430c200 is an unknown value
EDX=0x2bd42294 is an oop
org.apache.xmlbeans.impl.store.Xobj$ElementXobj 
 - klass: 'org/apache/xmlbeans/impl/store/Xobj$ElementXobj'
ESP=0x0473f144 is an unknown value
EBP=0x0473f158 is an unknown value
ESI=0x2bd42264 is an oop
org.apache.xmlbeans.impl.store.Xobj$ElementXobj 
 - klass: 'org/apache/xmlbeans/impl/store/Xobj$ElementXobj'
EDI=0x0473f244 is an unknown value


Stack: [0x046f0000,0x04740000],  sp=0x0473f144,  free space=316k
Native frames: (J=compiled Java code, j=interpreted, Vv=VM code, C=native code)
V  [jvm.dll+0x846d2]
V  [jvm.dll+0x70913]
V  [jvm.dll+0x69e71]
V  [jvm.dll+0x67757]
V  [jvm.dll+0x61df7]
V  [jvm.dll+0x68742]
V  [jvm.dll+0x5fdd3]
V  [jvm.dll+0x16ff76]
V  [jvm.dll+0x149235]
V  [jvm.dll+0x1483ae]
V  [jvm.dll+0x148737]
V  [jvm.dll+0x148c02]
V  [jvm.dll+0x177bb9]
C  [msvcr100.dll+0x5c6de]  endthreadex+0x3a
C  [msvcr100.dll+0x5c788]  endthreadex+0xe4
C  [kernel32.dll+0x1336a]  BaseThreadInitThunk+0x12
C  [ntdll.dll+0x398f2]  RtlInitializeExceptionChain+0x63
C  [ntdll.dll+0x398c5]  RtlInitializeExceptionChain+0x36

VM_Operation (0x003be520): GenCollectForAllocation, mode: safepoint, requested by thread 0x00a8b000


---------------  P R O C E S S  ---------------

Java Threads: ( => current thread )
  0x06420c00 JavaThread "Exec Stream Pumper" daemon [_thread_in_native, id=6740, stack(0x073e0000,0x07430000)]
  0x0640f800 JavaThread "Exec Stream Pumper" daemon [_thread_in_native, id=8512, stack(0x05b10000,0x05b60000)]
  0x06425c00 JavaThread "UrlChecker-2" daemon [_thread_blocked, id=7764, stack(0x04690000,0x046e0000)]
  0x0640f000 JavaThread "Exec Default Executor" daemon [_thread_in_native, id=8420, stack(0x045b0000,0x04600000)]
  0x04e86800 JavaThread "ReaderThread" [_thread_in_native, id=6440, stack(0x05930000,0x05980000)]
  0x02401c00 JavaThread "Service Thread" daemon [_thread_blocked, id=8740, stack(0x04b50000,0x04ba0000)]
  0x023fd000 JavaThread "C1 CompilerThread0" daemon [_thread_blocked, id=4324, stack(0x04ae0000,0x04b30000)]
  0x023fbc00 JavaThread "Attach Listener" daemon [_thread_blocked, id=7604, stack(0x04a50000,0x04aa0000)]
  0x023f8800 JavaThread "Signal Dispatcher" daemon [_thread_blocked, id=8772, stack(0x04950000,0x049a0000)]
  0x023e4400 JavaThread "Finalizer" daemon [_thread_blocked, id=8120, stack(0x04560000,0x045b0000)]
  0x023e2c00 JavaThread "Reference Handler" daemon [_thread_blocked, id=7576, stack(0x047c0000,0x04810000)]
  0x00a8b000 JavaThread "main" [_thread_blocked, id=2020, stack(0x00370000,0x003c0000)]

Other Threads:
=>0x023e1000 VMThread [stack: 0x046f0000,0x04740000] [id=7572]
  0x0241d400 WatcherThread [stack: 0x04c50000,0x04ca0000] [id=5960]

VM state:at safepoint (normal execution)

VM Mutex/Monitor currently owned by a thread:  ([mutex/lock_event])
[0x00a89548] Threads_lock - owner thread: 0x023e1000
[0x00a89958] Heap_lock - owner thread: 0x00a8b000

Heap
 def new generation   total 29952K, used 26688K [0x247c0000, 0x26830000, 0x29d10000)
  eden space 26688K, 100% used [0x247c0000, 0x261d0000, 0x261d0000)
  from space 3264K,   0% used [0x261d0000, 0x261d0000, 0x26500000)
  to   space 3264K, 100% used [0x26500000, 0x26830000, 0x26830000)
 tenured generation   total 66384K, used 33660K [0x29d10000, 0x2dde4000, 0x347c0000)
   the space 66384K,  50% used [0x29d10000, 0x2bdef340, 0x2bdef400, 0x2dde4000)
 compacting perm gen  total 16128K, used 15944K [0x347c0000, 0x35780000, 0x387c0000)
   the space 16128K,  98% used [0x347c0000, 0x357520e8, 0x35752200, 0x35780000)
    ro space 10240K,  42% used [0x387c0000, 0x38c04240, 0x38c04400, 0x391c0000)
    rw space 12288K,  54% used [0x391c0000, 0x39844d58, 0x39844e00, 0x39dc0000)

Card table byte_map: [0x04430000,0x044e0000] byte_map_base: 0x0430c200

Polling page: 0x002f0000

Code Cache  [0x02430000, 0x02888000, 0x04430000)
 total_blobs=2390 nmethods=2199 adapters=124 free_code_cache=28328Kb largest_free_block=29007232

Compilation events (10 events):
Event: 19.598 Thread 0x023fd000 2210             java.util.TreeMap::containsValue (32 bytes)
Event: 19.598 Thread 0x023fd000 nmethod 2210 0x02882a08 code [0x02882b20, 0x02882c68]
Event: 19.607 Thread 0x023fd000 2211   !         org.apache.xmlbeans.impl.values.XmlObjectBase::set (198 bytes)
Event: 19.608 Thread 0x023fd000 nmethod 2211 0x02882d88 code [0x02882ff0, 0x02883e28]
Event: 19.608 Thread 0x023fd000 2212             org.apache.xmlbeans.impl.values.XmlObjectBase::underlying (60 bytes)
Event: 19.608 Thread 0x023fd000 nmethod 2212 0x02884f48 code [0x02885080, 0x02885378]
Event: 19.608 Thread 0x023fd000 2213             org.apache.xmlbeans.impl.values.XmlObjectBase::setterHelper (36 bytes)
Event: 19.608 Thread 0x023fd000 nmethod 2213 0x028854c8 code [0x02885670, 0x02885b70]
Event: 19.615 Thread 0x023fd000 2214             java.io.OutputStreamWriter::write (11 bytes)
Event: 19.615 Thread 0x023fd000 nmethod 2214 0x02886048 code [0x02886150, 0x028861fc]

GC Heap History (10 events):
Event: 18.895 GC heap after
Heap after GC invocations=67 (full 5):
 def new generation   total 29952K, used 1795K [0x247c0000, 0x26830000, 0x29d10000)
  eden space 26688K,   0% used [0x247c0000, 0x247c0000, 0x261d0000)
  from space 3264K,  55% used [0x261d0000, 0x26390db8, 0x26500000)
  to   space 3264K,   0% used [0x26500000, 0x26500000, 0x26830000)
 tenured generation   total 66384K, used 47321K [0x29d10000, 0x2dde4000, 0x347c0000)
   the space 66384K,  71% used [0x29d10000, 0x2cb464b8, 0x2cb46600, 0x2dde4000)
 compacting perm gen  total 16128K, used 15931K [0x347c0000, 0x35780000, 0x387c0000)
   the space 16128K,  98% used [0x347c0000, 0x3574eed0, 0x3574f000, 0x35780000)
    ro space 10240K,  42% used [0x387c0000, 0x38c04240, 0x38c04400, 0x391c0000)
    rw space 12288K,  54% used [0x391c0000, 0x39844d58, 0x39844e00, 0x39dc0000)
}
Event: 18.982 GC heap before
{Heap before GC invocations=67 (full 5):
 def new generation   total 29952K, used 28483K [0x247c0000, 0x26830000, 0x29d10000)
  eden space 26688K, 100% used [0x247c0000, 0x261d0000, 0x261d0000)
  from space 3264K,  55% used [0x261d0000, 0x26390db8, 0x26500000)
  to   space 3264K,   0% used [0x26500000, 0x26500000, 0x26830000)
 tenured generation   total 66384K, used 47321K [0x29d10000, 0x2dde4000, 0x347c0000)
   the space 66384K,  71% used [0x29d10000, 0x2cb464b8, 0x2cb46600, 0x2dde4000)
 compacting perm gen  total 16128K, used 15942K [0x347c0000, 0x35780000, 0x387c0000)
   the space 16128K,  98% used [0x347c0000, 0x35751970, 0x35751a00, 0x35780000)
    ro space 10240K,  42% used [0x387c0000, 0x38c04240, 0x38c04400, 0x391c0000)
    rw space 12288K,  54% used [0x391c0000, 0x39844d58, 0x39844e00, 0x39dc0000)
Event: 18.994 GC heap after
Heap after GC invocations=68 (full 5):
 def new generation   total 29952K, used 3264K [0x247c0000, 0x26830000, 0x29d10000)
  eden space 26688K,   0% used [0x247c0000, 0x247c0000, 0x261d0000)
  from space 3264K, 100% used [0x26500000, 0x26830000, 0x26830000)
  to   space 3264K,   0% used [0x261d0000, 0x261d0000, 0x26500000)
 tenured generation   total 66384K, used 53043K [0x29d10000, 0x2dde4000, 0x347c0000)
   the space 66384K,  79% used [0x29d10000, 0x2d0dce48, 0x2d0dd000, 0x2dde4000)
 compacting perm gen  total 16128K, used 15942K [0x347c0000, 0x35780000, 0x387c0000)
   the space 16128K,  98% used [0x347c0000, 0x35751970, 0x35751a00, 0x35780000)
    ro space 10240K,  42% used [0x387c0000, 0x38c04240, 0x38c04400, 0x391c0000)
    rw space 12288K,  54% used [0x391c0000, 0x39844d58, 0x39844e00, 0x39dc0000)
}
Event: 19.122 GC heap before
{Heap before GC invocations=68 (full 5):
 def new generation   total 29952K, used 29952K [0x247c0000, 0x26830000, 0x29d10000)
  eden space 26688K, 100% used [0x247c0000, 0x261d0000, 0x261d0000)
  from space 3264K, 100% used [0x26500000, 0x26830000, 0x26830000)
  to   space 3264K,   0% used [0x261d0000, 0x261d0000, 0x26500000)
 tenured generation   total 66384K, used 53043K [0x29d10000, 0x2dde4000, 0x347c0000)
   the space 66384K,  79% used [0x29d10000, 0x2d0dce48, 0x2d0dd000, 0x2dde4000)
 compacting perm gen  total 16128K, used 15944K [0x347c0000, 0x35780000, 0x387c0000)
   the space 16128K,  98% used [0x347c0000, 0x35752088, 0x35752200, 0x35780000)
    ro space 10240K,  42% used [0x387c0000, 0x38c04240, 0x38c04400, 0x391c0000)
    rw space 12288K,  54% used [0x391c0000, 0x39844d58, 0x39844e00, 0x39dc0000)
Event: 19.139 GC heap after
Heap after GC invocations=69 (full 5):
 def new generation   total 29952K, used 3264K [0x247c0000, 0x26830000, 0x29d10000)
  eden space 26688K,   0% used [0x247c0000, 0x247c0000, 0x261d0000)
  from space 3264K, 100% used [0x261d0000, 0x26500000, 0x26500000)
  to   space 3264K,   0% used [0x26500000, 0x26500000, 0x26830000)
 tenured generation   total 66384K, used 60094K [0x29d10000, 0x2dde4000, 0x347c0000)
   the space 66384K,  90% used [0x29d10000, 0x2d7bf848, 0x2d7bfa00, 0x2dde4000)
 compacting perm gen  total 16128K, used 15944K [0x347c0000, 0x35780000, 0x387c0000)
   the space 16128K,  98% used [0x347c0000, 0x35752088, 0x35752200, 0x35780000)
    ro space 10240K,  42% used [0x387c0000, 0x38c04240, 0x38c04400, 0x391c0000)
    rw space 12288K,  54% used [0x391c0000, 0x39844d58, 0x39844e00, 0x39dc0000)
}
Event: 19.306 GC heap before
{Heap before GC invocations=69 (full 5):
 def new generation   total 29952K, used 29952K [0x247c0000, 0x26830000, 0x29d10000)
  eden space 26688K, 100% used [0x247c0000, 0x261d0000, 0x261d0000)
  from space 3264K, 100% used [0x261d0000, 0x26500000, 0x26500000)
  to   space 3264K,   0% used [0x26500000, 0x26500000, 0x26830000)
 tenured generation   total 66384K, used 60094K [0x29d10000, 0x2dde4000, 0x347c0000)
   the space 66384K,  90% used [0x29d10000, 0x2d7bf848, 0x2d7bfa00, 0x2dde4000)
 compacting perm gen  total 16128K, used 15944K [0x347c0000, 0x35780000, 0x387c0000)
   the space 16128K,  98% used [0x347c0000, 0x357520d8, 0x35752200, 0x35780000)
    ro space 10240K,  42% used [0x387c0000, 0x38c04240, 0x38c04400, 0x391c0000)
    rw space 12288K,  54% used [0x391c0000, 0x39844d58, 0x39844e00, 0x39dc0000)
Event: 19.314 GC heap after
Heap after GC invocations=70 (full 5):
 def new generation   total 29952K, used 1890K [0x247c0000, 0x26830000, 0x29d10000)
  eden space 26688K,   0% used [0x247c0000, 0x247c0000, 0x261d0000)
  from space 3264K,  57% used [0x26500000, 0x266d8960, 0x26830000)
  to   space 3264K,   0% used [0x261d0000, 0x261d0000, 0x26500000)
 tenured generation   total 66384K, used 63297K [0x29d10000, 0x2dde4000, 0x347c0000)
   the space 66384K,  95% used [0x29d10000, 0x2dae05e0, 0x2dae0600, 0x2dde4000)
 compacting perm gen  total 16128K, used 15944K [0x347c0000, 0x35780000, 0x387c0000)
   the space 16128K,  98% used [0x347c0000, 0x357520d8, 0x35752200, 0x35780000)
    ro space 10240K,  42% used [0x387c0000, 0x38c04240, 0x38c04400, 0x391c0000)
    rw space 12288K,  54% used [0x391c0000, 0x39844d58, 0x39844e00, 0x39dc0000)
}
Event: 19.402 GC heap before
{Heap before GC invocations=70 (full 5):
 def new generation   total 29952K, used 28578K [0x247c0000, 0x26830000, 0x29d10000)
  eden space 26688K, 100% used [0x247c0000, 0x261d0000, 0x261d0000)
  from space 3264K,  57% used [0x26500000, 0x266d8960, 0x26830000)
  to   space 3264K,   0% used [0x261d0000, 0x261d0000, 0x26500000)
 tenured generation   total 66384K, used 63297K [0x29d10000, 0x2dde4000, 0x347c0000)
   the space 66384K,  95% used [0x29d10000, 0x2dae05e0, 0x2dae0600, 0x2dde4000)
 compacting perm gen  total 16128K, used 15944K [0x347c0000, 0x35780000, 0x387c0000)
   the space 16128K,  98% used [0x347c0000, 0x357520e8, 0x35752200, 0x35780000)
    ro space 10240K,  42% used [0x387c0000, 0x38c04240, 0x38c04400, 0x391c0000)
    rw space 12288K,  54% used [0x391c0000, 0x39844d58, 0x39844e00, 0x39dc0000)
Event: 19.489 GC heap after
Heap after GC invocations=71 (full 6):
 def new generation   total 29952K, used 0K [0x247c0000, 0x26830000, 0x29d10000)
  eden space 26688K,   0% used [0x247c0000, 0x247c0000, 0x261d0000)
  from space 3264K,   0% used [0x261d0000, 0x261d0000, 0x26500000)
  to   space 3264K,   0% used [0x26500000, 0x26500000, 0x26830000)
 tenured generation   total 66384K, used 32866K [0x29d10000, 0x2dde4000, 0x347c0000)
   the space 66384K,  49% used [0x29d10000, 0x2bd28b48, 0x2bd28c00, 0x2dde4000)
 compacting perm gen  total 16128K, used 15944K [0x347c0000, 0x35780000, 0x387c0000)
   the space 16128K,  98% used [0x347c0000, 0x357520e8, 0x35752200, 0x35780000)
    ro space 10240K,  42% used [0x387c0000, 0x38c04240, 0x38c04400, 0x391c0000)
    rw space 12288K,  54% used [0x391c0000, 0x39844d58, 0x39844e00, 0x39dc0000)
}
Event: 19.617 GC heap before
{Heap before GC invocations=71 (full 6):
 def new generation   total 29952K, used 26688K [0x247c0000, 0x26830000, 0x29d10000)
  eden space 26688K, 100% used [0x247c0000, 0x261d0000, 0x261d0000)
  from space 3264K,   0% used [0x261d0000, 0x261d0000, 0x26500000)
  to   space 3264K,   0% used [0x26500000, 0x26500000, 0x26830000)
 tenured generation   total 66384K, used 32866K [0x29d10000, 0x2dde4000, 0x347c0000)
   the space 66384K,  49% used [0x29d10000, 0x2bd28b48, 0x2bd28c00, 0x2dde4000)
 compacting perm gen  total 16128K, used 15944K [0x347c0000, 0x35780000, 0x387c0000)
   the space 16128K,  98% used [0x347c0000, 0x357520e8, 0x35752200, 0x35780000)
    ro space 10240K,  42% used [0x387c0000, 0x38c04240, 0x38c04400, 0x391c0000)
    rw space 12288K,  54% used [0x391c0000, 0x39844d58, 0x39844e00, 0x39dc0000)

Deoptimization events (0 events):
No events

Internal exceptions (10 events):
Event: 15.910 Thread 0x00a8b000 Threw 0x251fa630 at C:\jdk7u2_32P\jdk7u25\hotspot\src\share\vm\prims\jvm.cpp:1235
Event: 15.911 Thread 0x00a8b000 Threw 0x25201dd0 at C:\jdk7u2_32P\jdk7u25\hotspot\src\share\vm\prims\jvm.cpp:1235
Event: 15.911 Thread 0x00a8b000 Threw 0x25207878 at C:\jdk7u2_32P\jdk7u25\hotspot\src\share\vm\prims\jvm.cpp:1235
Event: 15.913 Thread 0x00a8b000 Threw 0x2522a400 at C:\jdk7u2_32P\jdk7u25\hotspot\src\share\vm\prims\jvm.cpp:1235
Event: 15.913 Thread 0x00a8b000 Threw 0x2522ec68 at C:\jdk7u2_32P\jdk7u25\hotspot\src\share\vm\prims\jvm.cpp:1235
Event: 15.914 Thread 0x00a8b000 Threw 0x25249f30 at C:\jdk7u2_32P\jdk7u25\hotspot\src\share\vm\prims\jvm.cpp:1235
Event: 15.914 Thread 0x00a8b000 Threw 0x25251c00 at C:\jdk7u2_32P\jdk7u25\hotspot\src\share\vm\prims\jvm.cpp:1235
Event: 15.916 Thread 0x00a8b000 Threw 0x2525c9d0 at C:\jdk7u2_32P\jdk7u25\hotspot\src\share\vm\prims\jvm.cpp:1235
Event: 15.916 Thread 0x00a8b000 Threw 0x25260ab0 at C:\jdk7u2_32P\jdk7u25\hotspot\src\share\vm\prims\jvm.cpp:1235
Event: 15.916 Thread 0x00a8b000 Threw 0x25266ba0 at C:\jdk7u2_32P\jdk7u25\hotspot\src\share\vm\prims\jvm.cpp:1235

Events (10 events):
Event: 19.139 Executing VM operation: GenCollectForAllocation done
Event: 19.306 Executing VM operation: GenCollectForAllocation
Event: 19.314 Executing VM operation: GenCollectForAllocation done
Event: 19.314 Executing VM operation: RevokeBias
Event: 19.314 Executing VM operation: RevokeBias done
Event: 19.314 Executing VM operation: RevokeBias
Event: 19.314 Executing VM operation: RevokeBias done
Event: 19.402 Executing VM operation: GenCollectForAllocation
Event: 19.489 Executing VM operation: GenCollectForAllocation done
Event: 19.617 Executing VM operation: GenCollectForAllocation


Dynamic libraries:
0x00b10000 - 0x00b3f000 	C:\Program Files (x86)\Java\jre7\bin\javaw.exe
0x77e00000 - 0x77f80000 	C:\Windows\SysWOW64\ntdll.dll
0x762f0000 - 0x76400000 	C:\Windows\syswow64\kernel32.dll
0x75a90000 - 0x75ad7000 	C:\Windows\syswow64\KERNELBASE.dll
0x751c0000 - 0x7522e000 	C:\Windows\SysWOW64\SYSFER.DLL
0x75c40000 - 0x75ce1000 	C:\Windows\syswow64\ADVAPI32.dll
0x75d30000 - 0x75ddc000 	C:\Windows\syswow64\msvcrt.dll
0x76180000 - 0x76199000 	C:\Windows\SysWOW64\sechost.dll
0x76880000 - 0x76970000 	C:\Windows\syswow64\RPCRT4.dll
0x756a0000 - 0x75700000 	C:\Windows\syswow64\SspiCli.dll
0x75690000 - 0x7569c000 	C:\Windows\syswow64\CRYPTBASE.dll
0x75b40000 - 0x75c40000 	C:\Windows\syswow64\USER32.dll
0x764d0000 - 0x76560000 	C:\Windows\syswow64\GDI32.dll
0x76820000 - 0x7682a000 	C:\Windows\syswow64\LPK.dll
0x75700000 - 0x7579d000 	C:\Windows\syswow64\USP10.dll
0x74ed0000 - 0x7506e000 	C:\Windows\WinSxS\x86_microsoft.windows.common-controls_6595b64144ccf1df_6.0.7601.18837_none_41e855142bd5705d\COMCTL32.dll
0x767c0000 - 0x76817000 	C:\Windows\syswow64\SHLWAPI.dll
0x76970000 - 0x769d0000 	C:\Windows\system32\IMM32.DLL
0x76400000 - 0x764cd000 	C:\Windows\syswow64\MSCTF.dll
0x61370000 - 0x6142e000 	C:\Program Files (x86)\Java\jre7\bin\msvcr100.dll
0x646b0000 - 0x649f2000 	C:\Program Files (x86)\Java\jre7\bin\client\jvm.dll
0x75100000 - 0x75107000 	C:\Windows\system32\WSOCK32.dll
0x76830000 - 0x76865000 	C:\Windows\syswow64\WS2_32.dll
0x76170000 - 0x76176000 	C:\Windows\syswow64\NSI.dll
0x74aa0000 - 0x74ad2000 	C:\Windows\system32\WINMM.dll
0x757a0000 - 0x757a5000 	C:\Windows\syswow64\PSAPI.DLL
0x706b0000 - 0x706bc000 	C:\Program Files (x86)\Java\jre7\bin\verify.dll
0x70690000 - 0x706b0000 	C:\Program Files (x86)\Java\jre7\bin\java.dll
0x64e50000 - 0x64e63000 	C:\Program Files (x86)\Java\jre7\bin\zip.dll
0x64b40000 - 0x64b54000 	C:\Program Files (x86)\Java\jre7\bin\net.dll
0x74260000 - 0x7429c000 	C:\Windows\system32\mswsock.dll
0x73920000 - 0x73926000 	C:\Windows\System32\wship6.dll
0x74200000 - 0x74205000 	C:\Windows\System32\wshtcpip.dll
0x74210000 - 0x74254000 	C:\Windows\system32\DNSAPI.dll
0x74410000 - 0x7442c000 	C:\Windows\system32\IPHLPAPI.DLL
0x74400000 - 0x74407000 	C:\Windows\system32\WINNSI.DLL
0x741a0000 - 0x741a6000 	C:\Windows\system32\rasadhlp.dll
0x741b0000 - 0x741e8000 	C:\Windows\System32\fwpuclnt.dll
0x729b0000 - 0x729c7000 	C:\Windows\system32\CRYPTSP.dll
0x72970000 - 0x729ab000 	C:\Windows\system32\rsaenh.dll
0x75b20000 - 0x75b37000 	C:\Windows\syswow64\USERENV.dll
0x76130000 - 0x7613b000 	C:\Windows\syswow64\profapi.dll
0x74910000 - 0x74920000 	C:\Windows\system32\NLAapi.dll
0x74900000 - 0x74910000 	C:\Windows\system32\napinsp.dll
0x748e0000 - 0x748f2000 	C:\Windows\system32\pnrpnsp.dll
0x741f0000 - 0x741f8000 	C:\Windows\System32\winrnr.dll
0x70680000 - 0x7068f000 	C:\Program Files (x86)\Java\jre7\bin\nio.dll
0x750b0000 - 0x750fc000 	C:\Windows\system32\apphelp.dll
0x5e990000 - 0x5e9b0000 	C:\Program Files (x86)\Java\jre7\bin\sunec.dll
0x6f8a0000 - 0x6f8a9000 	C:\Program Files (x86)\Java\jre7\bin\sunmscapi.dll
0x77750000 - 0x77871000 	C:\Windows\syswow64\CRYPT32.dll
0x77dd0000 - 0x77ddc000 	C:\Windows\syswow64\MSASN1.dll
0x61280000 - 0x6136b000 	C:\Windows\system32\dbghelp.dll

VM Arguments:
jvm_args: -ea -Dfile.encoding=Cp1252 
java_command: org.testng.remote.RemoteTestNG -serport 56282 -d D:\DataDriven_WS\DataDrivenFramework\test-output C:\Users\10617348\AppData\Local\Temp\testng-eclipse-1645368949\testng-customsuite.xml
Launcher Type: SUN_STANDARD

Environment Variables:
PATH=C:/Program Files (x86)/Java/jre7/bin/client;C:/Program Files (x86)/Java/jre7/bin;C:/Program Files (x86)/Java/jre7/lib/i386;C:\Program Files\Common Files\Microsoft Shared\Microsoft Online Services;C:\Program Files (x86)\Common Files\Microsoft Shared\Microsoft Online Services;C:\Windows\system32;C:\Windows;C:\Windows\System32\Wbem;C:\Windows\System32\WindowsPowerShell\v1.0\;C:\Program Files\TortoiseSVN\bin;C:\Program Files (x86)\WebEx\Productivity Tools;D:\Eclipse Mars;
USERNAME=10617348
OS=Windows_NT
PROCESSOR_IDENTIFIER=Intel64 Family 6 Model 58 Stepping 9, GenuineIntel



---------------  S Y S T E M  ---------------

OS: Windows 7 , 64 bit Build 7601 Service Pack 1

CPU:total 4 (4 cores per cpu, 1 threads per core) family 6 model 58 stepping 9, cmov, cx8, fxsr, mmx, sse, sse2, sse3, ssse3, sse4.1, sse4.2, popcnt, avx, tsc, tscinvbit, tscinv

Memory: 4k page, physical 16592696k(12399100k free), swap 33183532k(28964456k free)

vm_info: Java HotSpot(TM) Client VM (23.25-b01) for windows-x86 JRE (1.7.0_25-b17), built on Jun 21 2013 13:06:48 by "java_re" with unknown MS VC++:1600

time: Thu Jan 04 18:22:37 2018
elapsed time: 19 seconds

